Using pre-set license
Built from '2020.3/staging' branch; Version is '2020.3.6f1 (338bb68529b2) revision 3378102'; Using compiler version '192528614'; Build Type 'Release'
OS: 'Windows 10 Pro; OS build 19045.2728; Version 2009; 64bit' Language: 'en' Physical Memory: 16332 MB
BatchMode: 1, IsHumanControllingUs: 0, StartBugReporterOnCrash: 0, Is64bit: 1, IsPro: 0

 COMMAND LINE ARGUMENTS:
C:\Program Files\Unity\Hub\Editor\2020.3.6f1\Editor\Unity.exe
-adb2
-batchMode
-noUpm
-name
AssetImportWorker1
-projectPath
G:/Unity/TwentyOne-Demo
-logFile
Logs/AssetImportWorker1.log
-srvPort
56723
Successfully changed project path to: G:/Unity/TwentyOne-Demo
G:/Unity/TwentyOne-Demo
Using Asset Import Pipeline V2.
Refreshing native plugins compatible for Editor in 190.88 ms, found 3 plugins.
Preloading 0 native plugins for Editor in 0.00 ms.
Initialize engine version: 2020.3.6f1 (338bb68529b2)
[Subsystems] Discovering subsystems at path C:/Program Files/Unity/Hub/Editor/2020.3.6f1/Editor/Data/Resources/UnitySubsystems
[Subsystems] Discovering subsystems at path G:/Unity/TwentyOne-Demo/Assets
GfxDevice: creating device client; threaded=0
Direct3D:
    Version:  Direct3D 11.0 [level 11.1]
    Renderer: NVIDIA GeForce GTX 1070 (ID=0x1b81)
    Vendor:   
    VRAM:     8088 MB
    Driver:   31.0.15.1694
Shader 'TLG/ShieldShader': fallback shader 'Particles/Additive' not found
Shader 'Universal Render Pipeline/Particles/Lit': fallback shader 'Universal Render Pipeline/Particles/SimpleLit' not found
Shader 'TLG/ShieldShader-UI': fallback shader 'Particles/Additive' not found
Initialize mono
Mono path[0] = 'C:/Program Files/Unity/Hub/Editor/2020.3.6f1/Editor/Data/Managed'
Mono path[1] = 'C:/Program Files/Unity/Hub/Editor/2020.3.6f1/Editor/Data/MonoBleedingEdge/lib/mono/unityjit'
Mono config path = 'C:/Program Files/Unity/Hub/Editor/2020.3.6f1/Editor/Data/MonoBleedingEdge/etc'
Using monoOptions --debugger-agent=transport=dt_socket,embedding=1,server=y,suspend=n,address=127.0.0.1:56376
Begin MonoManager ReloadAssembly
Registering precompiled unity dll's ...
Register platform support module: C:/Program Files/Unity/Hub/Editor/2020.3.6f1/Editor/Data/PlaybackEngines/WindowsStandaloneSupport/UnityEditor.WindowsStandalone.Extensions.dll
Registered in 0.003609 seconds.
Native extension for WindowsStandalone target not found
Refreshing native plugins compatible for Editor in 196.17 ms, found 3 plugins.
Preloading 0 native plugins for Editor in 0.00 ms.
Mono: successfully reloaded assembly
- Completed reload, in  1.867 seconds
Platform modules already initialized, skipping
Registering precompiled user dll's ...
Registered in 0.007619 seconds.
Begin MonoManager ReloadAssembly
Native extension for WindowsStandalone target not found
Refreshing native plugins compatible for Editor in 187.31 ms, found 3 plugins.
Preloading 0 native plugins for Editor in 0.00 ms.
Mono: successfully reloaded assembly
- Completed reload, in  2.701 seconds
Platform modules already initialized, skipping
========================================================================
Worker process is ready to serve import requests
Shader 'Universal Render Pipeline/Particles/Lit': fallback shader 'Universal Render Pipeline/Particles/SimpleLit' not found
Shader 'TLG/ShieldShader': fallback shader 'Particles/Additive' not found
Shader 'TLG/ShieldShader-UI': fallback shader 'Particles/Additive' not found
Launched and connected shader compiler UnityShaderCompiler.exe after 0.06 seconds
Refreshing native plugins compatible for Editor in 2.08 ms, found 3 plugins.
Preloading 0 native plugins for Editor in 0.00 ms.
Unloading 3903 Unused Serialized files (Serialized files now loaded: 0)
System memory in use before: 194.1 MB.
System memory in use after: 194.3 MB.

Unloading 57 unused Assets to reduce memory usage. Loaded Objects now: 4327.
Total: 8.982600 ms (FindLiveObjects: 0.776600 ms CreateObjectMapping: 0.202700 ms MarkObjects: 7.853300 ms  DeleteObjects: 0.148300 ms)

========================================================================
Received Import Request.
  path: Assets/3D Tetris/3D Tetris Demo scene.unity
  artifactKey: Guid(7de3b5f84dd9a7f4da7f9091e5903eae) Importer(815301076,1909f56bfc062723c751e8b465ee728b)
Start importing Assets/3D Tetris/3D Tetris Demo scene.unity using Guid(7de3b5f84dd9a7f4da7f9091e5903eae) Importer(815301076,1909f56bfc062723c751e8b465ee728b)  -> (artifact id: '7683e5189bc143c3c8a77a6461ff1b6d') in 0.040981 seconds
  Import took 0.089292 seconds .

========================================================================
Received Prepare
Registering precompiled user dll's ...
Registered in 0.008053 seconds.
Begin MonoManager ReloadAssembly
Native extension for WindowsStandalone target not found
Refreshing native plugins compatible for Editor in 2.03 ms, found 3 plugins.
Preloading 0 native plugins for Editor in 0.00 ms.
Mono: successfully reloaded assembly
- Completed reload, in  1.862 seconds
Platform modules already initialized, skipping
Shader 'Universal Render Pipeline/Particles/Lit': fallback shader 'Universal Render Pipeline/Particles/SimpleLit' not found
Shader 'TLG/ShieldShader': fallback shader 'Particles/Additive' not found
Shader 'TLG/ShieldShader-UI': fallback shader 'Particles/Additive' not found
Refreshing native plugins compatible for Editor in 2.29 ms, found 3 plugins.
Preloading 0 native plugins for Editor in 0.00 ms.
Unloading 3622 Unused Serialized files (Serialized files now loaded: 0)
System memory in use before: 166.7 MB.
System memory in use after: 166.9 MB.

Unloading 48 unused Assets to reduce memory usage. Loaded Objects now: 4330.
Total: 10.078200 ms (FindLiveObjects: 0.952900 ms CreateObjectMapping: 0.686600 ms MarkObjects: 8.393900 ms  DeleteObjects: 0.043400 ms)

========================================================================
Received Prepare
Registering precompiled user dll's ...
Registered in 0.009533 seconds.
Begin MonoManager ReloadAssembly
Native extension for WindowsStandalone target not found
Refreshing native plugins compatible for Editor in 2.10 ms, found 3 plugins.
Preloading 0 native plugins for Editor in 0.00 ms.
Mono: successfully reloaded assembly
- Completed reload, in  1.762 seconds
Platform modules already initialized, skipping
Shader 'Universal Render Pipeline/Particles/Lit': fallback shader 'Universal Render Pipeline/Particles/SimpleLit' not found
Shader 'TLG/ShieldShader': fallback shader 'Particles/Additive' not found
Shader 'TLG/ShieldShader-UI': fallback shader 'Particles/Additive' not found
Refreshing native plugins compatible for Editor in 2.08 ms, found 3 plugins.
Preloading 0 native plugins for Editor in 0.00 ms.
Unloading 3622 Unused Serialized files (Serialized files now loaded: 0)
System memory in use before: 166.7 MB.
System memory in use after: 167.0 MB.

Unloading 48 unused Assets to reduce memory usage. Loaded Objects now: 4333.
Total: 8.144700 ms (FindLiveObjects: 0.764300 ms CreateObjectMapping: 0.219400 ms MarkObjects: 7.114800 ms  DeleteObjects: 0.044800 ms)

========================================================================
Received Prepare
Registering precompiled user dll's ...
Registered in 0.008516 seconds.
Begin MonoManager ReloadAssembly
Native extension for WindowsStandalone target not found
Refreshing native plugins compatible for Editor in 2.01 ms, found 3 plugins.
Preloading 0 native plugins for Editor in 0.00 ms.
Mono: successfully reloaded assembly
- Completed reload, in  2.219 seconds
Platform modules already initialized, skipping
Shader 'Universal Render Pipeline/Particles/Lit': fallback shader 'Universal Render Pipeline/Particles/SimpleLit' not found
Shader 'TLG/ShieldShader': fallback shader 'Particles/Additive' not found
Shader 'TLG/ShieldShader-UI': fallback shader 'Particles/Additive' not found
Refreshing native plugins compatible for Editor in 1.99 ms, found 3 plugins.
Preloading 0 native plugins for Editor in 0.00 ms.
Unloading 3694 Unused Serialized files (Serialized files now loaded: 0)
System memory in use before: 169.2 MB.
System memory in use after: 169.4 MB.

Unloading 49 unused Assets to reduce memory usage. Loaded Objects now: 4407.
Total: 9.832400 ms (FindLiveObjects: 0.753800 ms CreateObjectMapping: 0.203800 ms MarkObjects: 8.723900 ms  DeleteObjects: 0.149300 ms)

========================================================================
Received Prepare
Registering precompiled user dll's ...
Registered in 0.009279 seconds.
Begin MonoManager ReloadAssembly
Native extension for WindowsStandalone target not found
Refreshing native plugins compatible for Editor in 1.99 ms, found 3 plugins.
Preloading 0 native plugins for Editor in 0.00 ms.
Mono: successfully reloaded assembly
- Completed reload, in  1.946 seconds
Platform modules already initialized, skipping
Shader 'Universal Render Pipeline/Particles/Lit': fallback shader 'Universal Render Pipeline/Particles/SimpleLit' not found
Shader 'TLG/ShieldShader': fallback shader 'Particles/Additive' not found
Shader 'TLG/ShieldShader-UI': fallback shader 'Particles/Additive' not found
Refreshing native plugins compatible for Editor in 2.05 ms, found 3 plugins.
Preloading 0 native plugins for Editor in 0.00 ms.
Unloading 3694 Unused Serialized files (Serialized files now loaded: 0)
System memory in use before: 169.2 MB.
System memory in use after: 169.4 MB.

Unloading 49 unused Assets to reduce memory usage. Loaded Objects now: 4410.
Total: 10.025500 ms (FindLiveObjects: 0.711400 ms CreateObjectMapping: 0.291600 ms MarkObjects: 8.862000 ms  DeleteObjects: 0.158500 ms)

========================================================================
Received Prepare
Registering precompiled user dll's ...
Registered in 0.008928 seconds.
Begin MonoManager ReloadAssembly
Native extension for WindowsStandalone target not found
Refreshing native plugins compatible for Editor in 2.01 ms, found 3 plugins.
Preloading 0 native plugins for Editor in 0.00 ms.
Mono: successfully reloaded assembly
- Completed reload, in  1.859 seconds
Platform modules already initialized, skipping
Shader 'Universal Render Pipeline/Particles/Lit': fallback shader 'Universal Render Pipeline/Particles/SimpleLit' not found
Shader 'TLG/ShieldShader': fallback shader 'Particles/Additive' not found
Shader 'TLG/ShieldShader-UI': fallback shader 'Particles/Additive' not found
Refreshing native plugins compatible for Editor in 2.06 ms, found 3 plugins.
Preloading 0 native plugins for Editor in 0.00 ms.
Unloading 3694 Unused Serialized files (Serialized files now loaded: 0)
System memory in use before: 169.2 MB.
System memory in use after: 169.5 MB.

Unloading 49 unused Assets to reduce memory usage. Loaded Objects now: 4413.
Total: 10.195400 ms (FindLiveObjects: 0.901200 ms CreateObjectMapping: 0.258600 ms MarkObjects: 8.914400 ms  DeleteObjects: 0.119100 ms)

========================================================================
Received Import Request.
  Time since last request: 26925.588365 seconds.
  path: Assets/_Data/Audio/The_25th_Hour.mp3
  artifactKey: Guid(319b3f73b876adf48bf5cf685830b75c) Importer(815301076,1909f56bfc062723c751e8b465ee728b)
Start importing Assets/_Data/Audio/The_25th_Hour.mp3 using Guid(319b3f73b876adf48bf5cf685830b75c) Importer(815301076,1909f56bfc062723c751e8b465ee728b)  -> (artifact id: 'ecc60964f5d2f57dc0be4925388f73a9') in 0.208686 seconds
  Import took 0.224339 seconds .

========================================================================
Received Prepare
Registering precompiled user dll's ...
Registered in 0.007878 seconds.
Begin MonoManager ReloadAssembly
Native extension for WindowsStandalone target not found
Refreshing native plugins compatible for Editor in 1.99 ms, found 3 plugins.
Preloading 0 native plugins for Editor in 0.00 ms.
Mono: successfully reloaded assembly
- Completed reload, in  1.684 seconds
Platform modules already initialized, skipping
Shader 'Universal Render Pipeline/Particles/Lit': fallback shader 'Universal Render Pipeline/Particles/SimpleLit' not found
Shader 'TLG/ShieldShader': fallback shader 'Particles/Additive' not found
Shader 'TLG/ShieldShader-UI': fallback shader 'Particles/Additive' not found
Refreshing native plugins compatible for Editor in 2.22 ms, found 3 plugins.
Preloading 0 native plugins for Editor in 0.00 ms.
Unloading 3694 Unused Serialized files (Serialized files now loaded: 0)
System memory in use before: 172.2 MB.
System memory in use after: 172.5 MB.

Unloading 49 unused Assets to reduce memory usage. Loaded Objects now: 4425.
Total: 8.057400 ms (FindLiveObjects: 0.769600 ms CreateObjectMapping: 0.203100 ms MarkObjects: 6.890300 ms  DeleteObjects: 0.191900 ms)

========================================================================
Received Import Request.
  Time since last request: 1447.482351 seconds.
  path: Assets/3D Tetris/Number Block Prefab.prefab
  artifactKey: Guid(9b92d9ce9f0644f448470aa291a21542) Importer(815301076,1909f56bfc062723c751e8b465ee728b)
Start importing Assets/3D Tetris/Number Block Prefab.prefab using Guid(9b92d9ce9f0644f448470aa291a21542) Importer(815301076,1909f56bfc062723c751e8b465ee728b)  -> (artifact id: '571a081b188e7a89cf8036d48f6d9ad7') in 0.147009 seconds
  Import took 0.191065 seconds .

========================================================================
Received Prepare
Registering precompiled user dll's ...
Registered in 0.009392 seconds.
Begin MonoManager ReloadAssembly
Native extension for WindowsStandalone target not found
Refreshing native plugins compatible for Editor in 1.97 ms, found 3 plugins.
Preloading 0 native plugins for Editor in 0.00 ms.
Mono: successfully reloaded assembly
- Completed reload, in  1.634 seconds
Platform modules already initialized, skipping
Shader 'Universal Render Pipeline/Particles/Lit': fallback shader 'Universal Render Pipeline/Particles/SimpleLit' not found
Shader 'TLG/ShieldShader': fallback shader 'Particles/Additive' not found
Shader 'TLG/ShieldShader-UI': fallback shader 'Particles/Additive' not found
Refreshing native plugins compatible for Editor in 2.07 ms, found 3 plugins.
Preloading 0 native plugins for Editor in 0.00 ms.
Unloading 3694 Unused Serialized files (Serialized files now loaded: 0)
System memory in use before: 172.3 MB.
System memory in use after: 172.5 MB.

Unloading 49 unused Assets to reduce memory usage. Loaded Objects now: 4430.
Total: 8.517500 ms (FindLiveObjects: 0.810800 ms CreateObjectMapping: 0.410300 ms MarkObjects: 7.173700 ms  DeleteObjects: 0.121200 ms)

========================================================================
Received Import Request.
  Time since last request: 343.072047 seconds.
  path: Assets/Scenes/MainMenu.unity
  artifactKey: Guid(bc44ca8ac821aaa4d9e8d693a2628eca) Importer(815301076,1909f56bfc062723c751e8b465ee728b)
Start importing Assets/Scenes/MainMenu.unity using Guid(bc44ca8ac821aaa4d9e8d693a2628eca) Importer(815301076,1909f56bfc062723c751e8b465ee728b)  -> (artifact id: '6b51c8e65fda1ae6a70ab415bdd1a33f') in 0.027225 seconds
  Import took 0.060987 seconds .

========================================================================
Received Prepare
Registering precompiled user dll's ...
Registered in 0.008955 seconds.
Begin MonoManager ReloadAssembly
Native extension for WindowsStandalone target not found
Refreshing native plugins compatible for Editor in 2.08 ms, found 3 plugins.
Preloading 0 native plugins for Editor in 0.00 ms.
Mono: successfully reloaded assembly
- Completed reload, in  1.784 seconds
Platform modules already initialized, skipping
Shader 'Universal Render Pipeline/Particles/Lit': fallback shader 'Universal Render Pipeline/Particles/SimpleLit' not found
Shader 'TLG/ShieldShader': fallback shader 'Particles/Additive' not found
Shader 'TLG/ShieldShader-UI': fallback shader 'Particles/Additive' not found
Refreshing native plugins compatible for Editor in 2.06 ms, found 3 plugins.
Preloading 0 native plugins for Editor in 0.00 ms.
Unloading 3694 Unused Serialized files (Serialized files now loaded: 0)
System memory in use before: 172.3 MB.
System memory in use after: 172.5 MB.

Unloading 49 unused Assets to reduce memory usage. Loaded Objects now: 4433.
Total: 9.408300 ms (FindLiveObjects: 0.740200 ms CreateObjectMapping: 0.199400 ms MarkObjects: 8.318700 ms  DeleteObjects: 0.148000 ms)

========================================================================
Received Import Request.
  Time since last request: 176.029532 seconds.
  path: Assets/2DGamekit/Scenes/UI/Loading.unity
  artifactKey: Guid(ebc4647ff02971c4ba1b207af066be4d) Importer(815301076,1909f56bfc062723c751e8b465ee728b)
Start importing Assets/2DGamekit/Scenes/UI/Loading.unity using Guid(ebc4647ff02971c4ba1b207af066be4d) Importer(815301076,1909f56bfc062723c751e8b465ee728b)  -> (artifact id: '696a5c4d82090035773deaf5494a8d50') in 0.029213 seconds
  Import took 0.039313 seconds .

========================================================================
Received Prepare
Registering precompiled user dll's ...
Registered in 0.008524 seconds.
Begin MonoManager ReloadAssembly
Native extension for WindowsStandalone target not found
Refreshing native plugins compatible for Editor in 2.10 ms, found 3 plugins.
Preloading 0 native plugins for Editor in 0.00 ms.
Mono: successfully reloaded assembly
- Completed reload, in  1.970 seconds
Platform modules already initialized, skipping
Shader 'Universal Render Pipeline/Particles/Lit': fallback shader 'Universal Render Pipeline/Particles/SimpleLit' not found
Shader 'TLG/ShieldShader': fallback shader 'Particles/Additive' not found
Shader 'TLG/ShieldShader-UI': fallback shader 'Particles/Additive' not found
Refreshing native plugins compatible for Editor in 2.09 ms, found 3 plugins.
Preloading 0 native plugins for Editor in 0.00 ms.
Unloading 3694 Unused Serialized files (Serialized files now loaded: 0)
System memory in use before: 172.3 MB.
System memory in use after: 172.5 MB.

Unloading 49 unused Assets to reduce memory usage. Loaded Objects now: 4436.
Total: 9.865500 ms (FindLiveObjects: 0.748900 ms CreateObjectMapping: 0.202600 ms MarkObjects: 8.639300 ms  DeleteObjects: 0.273000 ms)

========================================================================
Received Prepare
Registering precompiled user dll's ...
Registered in 0.008766 seconds.
Begin MonoManager ReloadAssembly
Native extension for WindowsStandalone target not found
Refreshing native plugins compatible for Editor in 2.11 ms, found 3 plugins.
Preloading 0 native plugins for Editor in 0.00 ms.
Mono: successfully reloaded assembly
- Completed reload, in  1.832 seconds
Platform modules already initialized, skipping
Shader 'Universal Render Pipeline/Particles/Lit': fallback shader 'Universal Render Pipeline/Particles/SimpleLit' not found
Shader 'TLG/ShieldShader': fallback shader 'Particles/Additive' not found
Shader 'TLG/ShieldShader-UI': fallback shader 'Particles/Additive' not found
Refreshing native plugins compatible for Editor in 2.27 ms, found 3 plugins.
Preloading 0 native plugins for Editor in 0.00 ms.
Unloading 3694 Unused Serialized files (Serialized files now loaded: 0)
System memory in use before: 172.3 MB.
System memory in use after: 172.5 MB.

Unloading 49 unused Assets to reduce memory usage. Loaded Objects now: 4439.
Total: 9.087600 ms (FindLiveObjects: 0.753300 ms CreateObjectMapping: 0.224000 ms MarkObjects: 7.925300 ms  DeleteObjects: 0.183400 ms)

========================================================================
Received Import Request.
  Time since last request: 4848.407432 seconds.
  path: Assets/Resources/MainMenu.mixer
  artifactKey: Guid(48b18132bfe2d8c42a76c8fbe4f35205) Importer(815301076,1909f56bfc062723c751e8b465ee728b)
Start importing Assets/Resources/MainMenu.mixer using Guid(48b18132bfe2d8c42a76c8fbe4f35205) Importer(815301076,1909f56bfc062723c751e8b465ee728b)  -> (artifact id: '7d5fef3ae184ab2dee701492ace93e58') in 0.032083 seconds
  Import took 0.058710 seconds .

========================================================================
Received Prepare
Registering precompiled user dll's ...
Registered in 0.008884 seconds.
Begin MonoManager ReloadAssembly
Native extension for WindowsStandalone target not found
Refreshing native plugins compatible for Editor in 2.02 ms, found 3 plugins.
Preloading 0 native plugins for Editor in 0.00 ms.
Mono: successfully reloaded assembly
- Completed reload, in  1.654 seconds
Platform modules already initialized, skipping
Shader 'Universal Render Pipeline/Particles/Lit': fallback shader 'Universal Render Pipeline/Particles/SimpleLit' not found
Shader 'TLG/ShieldShader': fallback shader 'Particles/Additive' not found
Shader 'TLG/ShieldShader-UI': fallback shader 'Particles/Additive' not found
Refreshing native plugins compatible for Editor in 2.12 ms, found 3 plugins.
Preloading 0 native plugins for Editor in 0.00 ms.
Unloading 3694 Unused Serialized files (Serialized files now loaded: 0)
System memory in use before: 172.3 MB.
System memory in use after: 172.6 MB.

Unloading 49 unused Assets to reduce memory usage. Loaded Objects now: 4442.
Total: 8.101800 ms (FindLiveObjects: 0.684900 ms CreateObjectMapping: 0.195700 ms MarkObjects: 7.078800 ms  DeleteObjects: 0.140400 ms)

========================================================================
Received Import Request.
  Time since last request: 209.198406 seconds.
  path: Assets/Audio/351809__plasterbrain__press-start-phoenix-wright.ogg
  artifactKey: Guid(9198c1d51b7aefd46a0e8e8a2ef12882) Importer(815301076,1909f56bfc062723c751e8b465ee728b)
Start importing Assets/Audio/351809__plasterbrain__press-start-phoenix-wright.ogg using Guid(9198c1d51b7aefd46a0e8e8a2ef12882) Importer(815301076,1909f56bfc062723c751e8b465ee728b)  -> (artifact id: '5137073cd4935f2f73c18e11bce85189') in 0.079924 seconds
  Import took 0.107618 seconds .

========================================================================
Received Prepare
Registering precompiled user dll's ...
Registered in 0.009294 seconds.
Begin MonoManager ReloadAssembly
Native extension for WindowsStandalone target not found
Refreshing native plugins compatible for Editor in 1.99 ms, found 3 plugins.
Preloading 0 native plugins for Editor in 0.00 ms.
Mono: successfully reloaded assembly
- Completed reload, in  1.651 seconds
Platform modules already initialized, skipping
Shader 'Universal Render Pipeline/Particles/Lit': fallback shader 'Universal Render Pipeline/Particles/SimpleLit' not found
Shader 'TLG/ShieldShader': fallback shader 'Particles/Additive' not found
Shader 'TLG/ShieldShader-UI': fallback shader 'Particles/Additive' not found
Refreshing native plugins compatible for Editor in 2.03 ms, found 3 plugins.
Preloading 0 native plugins for Editor in 0.00 ms.
Unloading 3694 Unused Serialized files (Serialized files now loaded: 0)
System memory in use before: 172.4 MB.
System memory in use after: 172.6 MB.

Unloading 49 unused Assets to reduce memory usage. Loaded Objects now: 4446.
Total: 8.009900 ms (FindLiveObjects: 0.681400 ms CreateObjectMapping: 0.207100 ms MarkObjects: 6.997500 ms  DeleteObjects: 0.122300 ms)

========================================================================
Received Prepare
Registering precompiled user dll's ...
Registered in 0.008092 seconds.
Begin MonoManager ReloadAssembly
Native extension for WindowsStandalone target not found
Refreshing native plugins compatible for Editor in 2.01 ms, found 3 plugins.
Preloading 0 native plugins for Editor in 0.00 ms.
Mono: successfully reloaded assembly
- Completed reload, in  1.640 seconds
Platform modules already initialized, skipping
Shader 'Universal Render Pipeline/Particles/Lit': fallback shader 'Universal Render Pipeline/Particles/SimpleLit' not found
Shader 'TLG/ShieldShader': fallback shader 'Particles/Additive' not found
Shader 'TLG/ShieldShader-UI': fallback shader 'Particles/Additive' not found
Refreshing native plugins compatible for Editor in 2.08 ms, found 3 plugins.
Preloading 0 native plugins for Editor in 0.00 ms.
Unloading 3694 Unused Serialized files (Serialized files now loaded: 0)
System memory in use before: 172.4 MB.
System memory in use after: 172.6 MB.

Unloading 49 unused Assets to reduce memory usage. Loaded Objects now: 4449.
Total: 8.129400 ms (FindLiveObjects: 0.842600 ms CreateObjectMapping: 0.218300 ms MarkObjects: 6.939100 ms  DeleteObjects: 0.128000 ms)

========================================================================
Received Import Request.
  Time since last request: 197.052021 seconds.
  path: Assets/Scenes/LoadingScreen.unity
  artifactKey: Guid(1857ea5baac5a5b4993b3802c91a0ed4) Importer(815301076,1909f56bfc062723c751e8b465ee728b)
Start importing Assets/Scenes/LoadingScreen.unity using Guid(1857ea5baac5a5b4993b3802c91a0ed4) Importer(815301076,1909f56bfc062723c751e8b465ee728b)  -> (artifact id: '37f711eb5155eb8a127f074672cf1712') in 0.033341 seconds
  Import took 0.064984 seconds .

========================================================================
Received Import Request.
  Time since last request: 2787.410280 seconds.
  path: Assets/Synthwave Pack/Music
  artifactKey: Guid(e85fd19b4aa27274e8c804b875a5532c) Importer(815301076,1909f56bfc062723c751e8b465ee728b)
Start importing Assets/Synthwave Pack/Music using Guid(e85fd19b4aa27274e8c804b875a5532c) Importer(815301076,1909f56bfc062723c751e8b465ee728b)  -> (artifact id: '022c0e563934f593a20a80083484d468') in 0.009765 seconds
  Import took 0.032591 seconds .

========================================================================
Received Import Request.
  Time since last request: 59.291327 seconds.
  path: Assets/Audio/Audio Container Objects/BGM.asset
  artifactKey: Guid(442d4db1111523844a16f48d78dc40f7) Importer(815301076,1909f56bfc062723c751e8b465ee728b)
Start importing Assets/Audio/Audio Container Objects/BGM.asset using Guid(442d4db1111523844a16f48d78dc40f7) Importer(815301076,1909f56bfc062723c751e8b465ee728b)  -> (artifact id: '8f9032d55baad903cecf482c9258466f') in 0.017781 seconds
  Import took 0.050968 seconds .

========================================================================
Received Import Request.
  Time since last request: 35.323700 seconds.
  path: Assets/Music - The 8-bit Retro Video Game Music Collection/Konkey Dong.wav
  artifactKey: Guid(0ebbf7d009a5f5b48812b8eacba90fa9) Importer(815301076,1909f56bfc062723c751e8b465ee728b)
Start importing Assets/Music - The 8-bit Retro Video Game Music Collection/Konkey Dong.wav using Guid(0ebbf7d009a5f5b48812b8eacba90fa9) Importer(815301076,1909f56bfc062723c751e8b465ee728b)  -> (artifact id: '87a5d4f544c1674083bd2814ae0e7964') in 0.067744 seconds
  Import took 0.087308 seconds .

========================================================================
Received Prepare
Registering precompiled user dll's ...
Registered in 0.008859 seconds.
Begin MonoManager ReloadAssembly
Native extension for WindowsStandalone target not found
Refreshing native plugins compatible for Editor in 2.00 ms, found 3 plugins.
Preloading 0 native plugins for Editor in 0.00 ms.
Mono: successfully reloaded assembly
- Completed reload, in  1.792 seconds
Platform modules already initialized, skipping
Shader 'Universal Render Pipeline/Particles/Lit': fallback shader 'Universal Render Pipeline/Particles/SimpleLit' not found
Shader 'TLG/ShieldShader': fallback shader 'Particles/Additive' not found
Shader 'TLG/ShieldShader-UI': fallback shader 'Particles/Additive' not found
Refreshing native plugins compatible for Editor in 2.00 ms, found 3 plugins.
Preloading 0 native plugins for Editor in 0.00 ms.
Unloading 3694 Unused Serialized files (Serialized files now loaded: 0)
System memory in use before: 172.4 MB.
System memory in use after: 172.6 MB.

Unloading 49 unused Assets to reduce memory usage. Loaded Objects now: 4453.
Total: 8.287200 ms (FindLiveObjects: 0.894300 ms CreateObjectMapping: 0.248800 ms MarkObjects: 7.009800 ms  DeleteObjects: 0.132400 ms)

========================================================================
Received Prepare
Shader 'Universal Render Pipeline/Particles/Lit': fallback shader 'Universal Render Pipeline/Particles/SimpleLit' not found
Shader 'TLG/ShieldShader': fallback shader 'Particles/Additive' not found
Shader 'TLG/ShieldShader-UI': fallback shader 'Particles/Additive' not found
Refreshing native plugins compatible for Editor in 14.93 ms, found 3 plugins.
Preloading 0 native plugins for Editor in 0.00 ms.
Unloading 46 Unused Serialized files (Serialized files now loaded: 0)
System memory in use before: 100.2 MB.
System memory in use after: 100.4 MB.

Unloading 46 unused Assets to reduce memory usage. Loaded Objects now: 4453.
Total: 8.547100 ms (FindLiveObjects: 0.970500 ms CreateObjectMapping: 0.202700 ms MarkObjects: 7.253100 ms  DeleteObjects: 0.118700 ms)

========================================================================
Received Import Request.
  Time since last request: 885.312419 seconds.
  path: Assets/Synthwave Pack/Music/01 - Purple Night.wav
  artifactKey: Guid(a3bb13ffde7bc7f47aaf2dc0bcef52dd) Importer(815301076,1909f56bfc062723c751e8b465ee728b)
Start importing Assets/Synthwave Pack/Music/01 - Purple Night.wav using Guid(a3bb13ffde7bc7f47aaf2dc0bcef52dd) Importer(815301076,1909f56bfc062723c751e8b465ee728b)  -> (artifact id: 'ed6d4b0cb33f276ddf8053ef180b2b4a') in 0.082120 seconds
  Import took 0.103119 seconds .

========================================================================
Received Import Request.
  Time since last request: 0.015228 seconds.
  path: Assets/Synthwave Pack/Music/01 - Purple Night.wav
  artifactKey: Guid(a3bb13ffde7bc7f47aaf2dc0bcef52dd) Importer(815301076,1909f56bfc062723c751e8b465ee728b)
Start importing Assets/Synthwave Pack/Music/01 - Purple Night.wav using Guid(a3bb13ffde7bc7f47aaf2dc0bcef52dd) Importer(815301076,1909f56bfc062723c751e8b465ee728b)  -> (artifact id: 'ed6d4b0cb33f276ddf8053ef180b2b4a') in 0.014906 seconds
  Import took 0.023801 seconds .

========================================================================
Received Import Request.
  Time since last request: 2.233984 seconds.
  path: Assets/Synthwave Pack/Music/02 - Red Dragon.wav
  artifactKey: Guid(dd11125d26552084d82d27e87d2be326) Importer(815301076,1909f56bfc062723c751e8b465ee728b)
Start importing Assets/Synthwave Pack/Music/02 - Red Dragon.wav using Guid(dd11125d26552084d82d27e87d2be326) Importer(815301076,1909f56bfc062723c751e8b465ee728b)  -> (artifact id: 'ff288032f37daa63e450b25115c9585a') in 0.018773 seconds
  Import took 0.028333 seconds .

========================================================================
Received Import Request.
  Time since last request: 0.005842 seconds.
  path: Assets/Synthwave Pack/Music/02 - Red Dragon.wav
  artifactKey: Guid(dd11125d26552084d82d27e87d2be326) Importer(815301076,1909f56bfc062723c751e8b465ee728b)
Start importing Assets/Synthwave Pack/Music/02 - Red Dragon.wav using Guid(dd11125d26552084d82d27e87d2be326) Importer(815301076,1909f56bfc062723c751e8b465ee728b)  -> (artifact id: 'ff288032f37daa63e450b25115c9585a') in 0.016008 seconds
  Import took 0.025191 seconds .

========================================================================
Received Import Request.
  Time since last request: 2.402019 seconds.
  path: Assets/Synthwave Pack/Music/05 - Warm and Dangerous.wav
  artifactKey: Guid(8830726fe640049428df69b217fe14fd) Importer(815301076,1909f56bfc062723c751e8b465ee728b)
Start importing Assets/Synthwave Pack/Music/05 - Warm and Dangerous.wav using Guid(8830726fe640049428df69b217fe14fd) Importer(815301076,1909f56bfc062723c751e8b465ee728b)  -> (artifact id: '5868e8901bea9b5fcfffa303b96536ed') in 0.021493 seconds
  Import took 0.051971 seconds .

========================================================================
Received Import Request.
  Time since last request: 8.970034 seconds.
  path: Assets/Scenes/MainMenu.unity
  artifactKey: Guid(bc44ca8ac821aaa4d9e8d693a2628eca) Importer(815301076,1909f56bfc062723c751e8b465ee728b)
Start importing Assets/Scenes/MainMenu.unity using Guid(bc44ca8ac821aaa4d9e8d693a2628eca) Importer(815301076,1909f56bfc062723c751e8b465ee728b)  -> (artifact id: '59542596f0668d13d7a02395d5ed5316') in 0.009241 seconds
  Import took 0.029766 seconds .

========================================================================
Received Prepare
Registering precompiled user dll's ...
Registered in 0.008074 seconds.
Begin MonoManager ReloadAssembly
Native extension for WindowsStandalone target not found
Refreshing native plugins compatible for Editor in 1.99 ms, found 3 plugins.
Preloading 0 native plugins for Editor in 0.00 ms.
Mono: successfully reloaded assembly
- Completed reload, in  1.651 seconds
Platform modules already initialized, skipping
Shader 'Universal Render Pipeline/Particles/Lit': fallback shader 'Universal Render Pipeline/Particles/SimpleLit' not found
Shader 'TLG/ShieldShader': fallback shader 'Particles/Additive' not found
Shader 'TLG/ShieldShader-UI': fallback shader 'Particles/Additive' not found
Refreshing native plugins compatible for Editor in 2.27 ms, found 3 plugins.
Preloading 0 native plugins for Editor in 0.00 ms.
Unloading 3694 Unused Serialized files (Serialized files now loaded: 0)
System memory in use before: 172.5 MB.
System memory in use after: 172.8 MB.

Unloading 49 unused Assets to reduce memory usage. Loaded Objects now: 4457.
Total: 7.756300 ms (FindLiveObjects: 0.744900 ms CreateObjectMapping: 0.199900 ms MarkObjects: 6.701300 ms  DeleteObjects: 0.108100 ms)

========================================================================
Received Import Request.
  Time since last request: 220.978549 seconds.
  path: Assets/Scenes/LoadingScreen.unity
  artifactKey: Guid(1857ea5baac5a5b4993b3802c91a0ed4) Importer(815301076,1909f56bfc062723c751e8b465ee728b)
Start importing Assets/Scenes/LoadingScreen.unity using Guid(1857ea5baac5a5b4993b3802c91a0ed4) Importer(815301076,1909f56bfc062723c751e8b465ee728b)  -> (artifact id: '2f268b0cb096702d2cfbdb9cb551c74f') in 0.034533 seconds
  Import took 0.070935 seconds .

========================================================================
Received Prepare
Registering precompiled user dll's ...
Registered in 0.010140 seconds.
Begin MonoManager ReloadAssembly
Native extension for WindowsStandalone target not found
Refreshing native plugins compatible for Editor in 2.25 ms, found 3 plugins.
Preloading 0 native plugins for Editor in 0.00 ms.
Mono: successfully reloaded assembly
- Completed reload, in  1.704 seconds
Platform modules already initialized, skipping
Shader 'Universal Render Pipeline/Particles/Lit': fallback shader 'Universal Render Pipeline/Particles/SimpleLit' not found
Shader 'TLG/ShieldShader': fallback shader 'Particles/Additive' not found
Shader 'TLG/ShieldShader-UI': fallback shader 'Particles/Additive' not found
Refreshing native plugins compatible for Editor in 2.04 ms, found 3 plugins.
Preloading 0 native plugins for Editor in 0.00 ms.
Unloading 3694 Unused Serialized files (Serialized files now loaded: 0)
System memory in use before: 172.5 MB.
System memory in use after: 172.8 MB.

Unloading 49 unused Assets to reduce memory usage. Loaded Objects now: 4460.
Total: 8.232500 ms (FindLiveObjects: 0.739000 ms CreateObjectMapping: 0.203000 ms MarkObjects: 7.162900 ms  DeleteObjects: 0.126200 ms)

========================================================================
Received Prepare
Registering precompiled user dll's ...
Registered in 0.007993 seconds.
Begin MonoManager ReloadAssembly
Native extension for WindowsStandalone target not found
Refreshing native plugins compatible for Editor in 2.13 ms, found 3 plugins.
Preloading 0 native plugins for Editor in 0.00 ms.
Mono: successfully reloaded assembly
- Completed reload, in  1.780 seconds
Platform modules already initialized, skipping
Shader 'Universal Render Pipeline/Particles/Lit': fallback shader 'Universal Render Pipeline/Particles/SimpleLit' not found
Shader 'TLG/ShieldShader': fallback shader 'Particles/Additive' not found
Shader 'TLG/ShieldShader-UI': fallback shader 'Particles/Additive' not found
Refreshing native plugins compatible for Editor in 2.03 ms, found 3 plugins.
Preloading 0 native plugins for Editor in 0.00 ms.
Unloading 3694 Unused Serialized files (Serialized files now loaded: 0)
System memory in use before: 172.5 MB.
System memory in use after: 172.8 MB.

Unloading 49 unused Assets to reduce memory usage. Loaded Objects now: 4463.
Total: 8.140300 ms (FindLiveObjects: 0.740500 ms CreateObjectMapping: 0.197600 ms MarkObjects: 7.078900 ms  DeleteObjects: 0.120400 ms)

========================================================================
Received Prepare
Registering precompiled user dll's ...
Registered in 0.009267 seconds.
Begin MonoManager ReloadAssembly
Native extension for WindowsStandalone target not found
Refreshing native plugins compatible for Editor in 2.00 ms, found 3 plugins.
Preloading 0 native plugins for Editor in 0.00 ms.
Mono: successfully reloaded assembly
- Completed reload, in  1.644 seconds
Platform modules already initialized, skipping
Shader 'Universal Render Pipeline/Particles/Lit': fallback shader 'Universal Render Pipeline/Particles/SimpleLit' not found
Shader 'TLG/ShieldShader': fallback shader 'Particles/Additive' not found
Shader 'TLG/ShieldShader-UI': fallback shader 'Particles/Additive' not found
Refreshing native plugins compatible for Editor in 2.02 ms, found 3 plugins.
Preloading 0 native plugins for Editor in 0.00 ms.
Unloading 3694 Unused Serialized files (Serialized files now loaded: 0)
System memory in use before: 172.5 MB.
System memory in use after: 172.8 MB.

Unloading 49 unused Assets to reduce memory usage. Loaded Objects now: 4466.
Total: 8.598300 ms (FindLiveObjects: 0.826300 ms CreateObjectMapping: 0.210700 ms MarkObjects: 7.441600 ms  DeleteObjects: 0.117900 ms)

========================================================================
Received Prepare
Shader 'Universal Render Pipeline/Particles/Lit': fallback shader 'Universal Render Pipeline/Particles/SimpleLit' not found
Shader 'TLG/ShieldShader': fallback shader 'Particles/Additive' not found
Shader 'TLG/ShieldShader-UI': fallback shader 'Particles/Additive' not found
Refreshing native plugins compatible for Editor in 13.93 ms, found 3 plugins.
Preloading 0 native plugins for Editor in 0.00 ms.
Unloading 46 Unused Serialized files (Serialized files now loaded: 0)
System memory in use before: 100.4 MB.
System memory in use after: 100.6 MB.

Unloading 46 unused Assets to reduce memory usage. Loaded Objects now: 4466.
Total: 7.534400 ms (FindLiveObjects: 0.710100 ms CreateObjectMapping: 0.200300 ms MarkObjects: 6.509000 ms  DeleteObjects: 0.113600 ms)

========================================================================
Received Import Request.
  Time since last request: 723.187262 seconds.
  path: Assets/Scenes/LoadingScreenSettings.lighting
  artifactKey: Guid(763a95c791007df45aff48be26acb00e) Importer(815301076,1909f56bfc062723c751e8b465ee728b)
Start importing Assets/Scenes/LoadingScreenSettings.lighting using Guid(763a95c791007df45aff48be26acb00e) Importer(815301076,1909f56bfc062723c751e8b465ee728b)  -> (artifact id: '9a4a7460365cf509879b602db31194a5') in 0.044817 seconds
  Import took 0.064868 seconds .

========================================================================
Received Import Request.
  Time since last request: 0.887245 seconds.
  path: Assets/Scenes/LoadingScreen.unity
  artifactKey: Guid(1857ea5baac5a5b4993b3802c91a0ed4) Importer(815301076,1909f56bfc062723c751e8b465ee728b)
Start importing Assets/Scenes/LoadingScreen.unity using Guid(1857ea5baac5a5b4993b3802c91a0ed4) Importer(815301076,1909f56bfc062723c751e8b465ee728b)  -> (artifact id: '8b8d9f6a39cca455e75bb093871e48d8') in 0.004393 seconds
  Import took 0.013178 seconds .

========================================================================
Received Import Request.
  Time since last request: 17.931021 seconds.
  path: Assets/UI
  artifactKey: Guid(78debe694b94f474b861871fc5e177e3) Importer(815301076,1909f56bfc062723c751e8b465ee728b)
Start importing Assets/UI using Guid(78debe694b94f474b861871fc5e177e3) Importer(815301076,1909f56bfc062723c751e8b465ee728b)  -> (artifact id: '1a4f2bb91d0a4faed5ccf2b6bee34427') in 0.011456 seconds
  Import took 0.045801 seconds .

========================================================================
Received Import Request.
  Time since last request: 8.004743 seconds.
  path: Assets/UI/Arnim.png
  artifactKey: Guid(dd8cb3e713b682f4a97df44d0e6d140d) Importer(815301076,1909f56bfc062723c751e8b465ee728b)
Start importing Assets/UI/Arnim.png using Guid(dd8cb3e713b682f4a97df44d0e6d140d) Importer(815301076,1909f56bfc062723c751e8b465ee728b)  -> (artifact id: '3f86308c0e7fe4393b3644765723af07') in 0.112320 seconds
  Import took 0.135531 seconds .

========================================================================
Received Prepare
Shader 'Universal Render Pipeline/Particles/Lit': fallback shader 'Universal Render Pipeline/Particles/SimpleLit' not found
Shader 'TLG/ShieldShader': fallback shader 'Particles/Additive' not found
Shader 'TLG/ShieldShader-UI': fallback shader 'Particles/Additive' not found
Refreshing native plugins compatible for Editor in 14.08 ms, found 3 plugins.
Preloading 0 native plugins for Editor in 0.00 ms.
Unloading 46 Unused Serialized files (Serialized files now loaded: 0)
System memory in use before: 100.5 MB.
System memory in use after: 100.7 MB.

Unloading 46 unused Assets to reduce memory usage. Loaded Objects now: 4470.
Total: 8.394000 ms (FindLiveObjects: 0.703300 ms CreateObjectMapping: 0.194900 ms MarkObjects: 7.372000 ms  DeleteObjects: 0.122600 ms)

========================================================================
Received Import Request.
  Time since last request: 69.166145 seconds.
  path: Assets/Scenes/MainMenu.unity
  artifactKey: Guid(bc44ca8ac821aaa4d9e8d693a2628eca) Importer(815301076,1909f56bfc062723c751e8b465ee728b)
Start importing Assets/Scenes/MainMenu.unity using Guid(bc44ca8ac821aaa4d9e8d693a2628eca) Importer(815301076,1909f56bfc062723c751e8b465ee728b)  -> (artifact id: 'd9e20c45fbb1b93e3b61956493b71295') in 0.015540 seconds
  Import took 0.024801 seconds .

========================================================================
Received Import Request.
  Time since last request: 58.000157 seconds.
  path: Assets/Scenes/LoadingScreen.unity
  artifactKey: Guid(1857ea5baac5a5b4993b3802c91a0ed4) Importer(815301076,1909f56bfc062723c751e8b465ee728b)
Start importing Assets/Scenes/LoadingScreen.unity using Guid(1857ea5baac5a5b4993b3802c91a0ed4) Importer(815301076,1909f56bfc062723c751e8b465ee728b)  -> (artifact id: '449dafe3e57171330930fb6f1231a6da') in 0.004531 seconds
  Import took 0.022541 seconds .

========================================================================
Received Prepare
Shader 'Universal Render Pipeline/Particles/Lit': fallback shader 'Universal Render Pipeline/Particles/SimpleLit' not found
Shader 'TLG/ShieldShader': fallback shader 'Particles/Additive' not found
Shader 'TLG/ShieldShader-UI': fallback shader 'Particles/Additive' not found
Refreshing native plugins compatible for Editor in 14.04 ms, found 3 plugins.
Preloading 0 native plugins for Editor in 0.00 ms.
Unloading 46 Unused Serialized files (Serialized files now loaded: 0)
System memory in use before: 100.5 MB.
System memory in use after: 100.7 MB.

Unloading 46 unused Assets to reduce memory usage. Loaded Objects now: 4470.
Total: 8.281700 ms (FindLiveObjects: 0.712000 ms CreateObjectMapping: 0.191200 ms MarkObjects: 7.254800 ms  DeleteObjects: 0.122500 ms)

========================================================================
Received Prepare
Registering precompiled user dll's ...
Registered in 0.008713 seconds.
Begin MonoManager ReloadAssembly
Native extension for WindowsStandalone target not found
Refreshing native plugins compatible for Editor in 3.98 ms, found 3 plugins.
Preloading 0 native plugins for Editor in 0.00 ms.
Mono: successfully reloaded assembly
- Completed reload, in  2.044 seconds
Platform modules already initialized, skipping
Shader 'Universal Render Pipeline/Particles/Lit': fallback shader 'Universal Render Pipeline/Particles/SimpleLit' not found
Shader 'TLG/ShieldShader': fallback shader 'Particles/Additive' not found
Shader 'TLG/ShieldShader-UI': fallback shader 'Particles/Additive' not found
Refreshing native plugins compatible for Editor in 2.12 ms, found 3 plugins.
Preloading 0 native plugins for Editor in 0.00 ms.
Unloading 3694 Unused Serialized files (Serialized files now loaded: 0)
System memory in use before: 172.6 MB.
System memory in use after: 172.8 MB.

Unloading 49 unused Assets to reduce memory usage. Loaded Objects now: 4473.
Total: 10.048900 ms (FindLiveObjects: 0.853900 ms CreateObjectMapping: 0.212700 ms MarkObjects: 8.635600 ms  DeleteObjects: 0.344600 ms)

