Using pre-set license
Built from '2020.3/staging' branch; Version is '2020.3.6f1 (338bb68529b2) revision 3378102'; Using compiler version '192528614'; Build Type 'Release'
OS: 'Windows 10 Pro; OS build 19045.3208; Version 2009; 64bit' Language: 'en' Physical Memory: 16332 MB
BatchMode: 1, IsHumanControllingUs: 0, StartBugReporterOnCrash: 0, Is64bit: 1, IsPro: 0

 COMMAND LINE ARGUMENTS:
C:\Program Files\Unity\Hub\Editor\2020.3.6f1\Editor\Unity.exe
-adb2
-batchMode
-noUpm
-name
AssetImportWorker0
-projectPath
G:/Unity/TwentyOne-Demo
-logFile
Logs/AssetImportWorker0.log
-srvPort
63779
Successfully changed project path to: G:/Unity/TwentyOne-Demo
G:/Unity/TwentyOne-Demo
Using Asset Import Pipeline V2.
Refreshing native plugins compatible for Editor in 192.45 ms, found 3 plugins.
Preloading 0 native plugins for Editor in 0.00 ms.
Initialize engine version: 2020.3.6f1 (338bb68529b2)
[Subsystems] Discovering subsystems at path C:/Program Files/Unity/Hub/Editor/2020.3.6f1/Editor/Data/Resources/UnitySubsystems
[Subsystems] Discovering subsystems at path G:/Unity/TwentyOne-Demo/Assets
GfxDevice: creating device client; threaded=0
Direct3D:
    Version:  Direct3D 11.0 [level 11.1]
    Renderer: NVIDIA GeForce GTX 1070 (ID=0x1b81)
    Vendor:   
    VRAM:     8081 MB
    Driver:   31.0.15.3179
Shader 'TLG/ShieldShader': fallback shader 'Particles/Additive' not found
Shader 'Universal Render Pipeline/Particles/Lit': fallback shader 'Universal Render Pipeline/Particles/SimpleLit' not found
Shader 'TLG/ShieldShader-UI': fallback shader 'Particles/Additive' not found
Initialize mono
Mono path[0] = 'C:/Program Files/Unity/Hub/Editor/2020.3.6f1/Editor/Data/Managed'
Mono path[1] = 'C:/Program Files/Unity/Hub/Editor/2020.3.6f1/Editor/Data/MonoBleedingEdge/lib/mono/unityjit'
Mono config path = 'C:/Program Files/Unity/Hub/Editor/2020.3.6f1/Editor/Data/MonoBleedingEdge/etc'
Using monoOptions --debugger-agent=transport=dt_socket,embedding=1,server=y,suspend=n,address=127.0.0.1:56936
Begin MonoManager ReloadAssembly
Registering precompiled unity dll's ...
Register platform support module: C:/Program Files/Unity/Hub/Editor/2020.3.6f1/Editor/Data/PlaybackEngines/WindowsStandaloneSupport/UnityEditor.WindowsStandalone.Extensions.dll
Registered in 0.003550 seconds.
Native extension for WindowsStandalone target not found
Refreshing native plugins compatible for Editor in 189.86 ms, found 3 plugins.
Preloading 0 native plugins for Editor in 0.00 ms.
Mono: successfully reloaded assembly
- Completed reload, in  1.940 seconds
Platform modules already initialized, skipping
Registering precompiled user dll's ...
Registered in 0.008276 seconds.
Begin MonoManager ReloadAssembly
Native extension for WindowsStandalone target not found
Refreshing native plugins compatible for Editor in 205.10 ms, found 3 plugins.
Preloading 0 native plugins for Editor in 0.00 ms.
Mono: successfully reloaded assembly
- Completed reload, in  2.241 seconds
Platform modules already initialized, skipping
========================================================================
Worker process is ready to serve import requests
Shader 'Universal Render Pipeline/Particles/Lit': fallback shader 'Universal Render Pipeline/Particles/SimpleLit' not found
Shader 'TLG/ShieldShader': fallback shader 'Particles/Additive' not found
Shader 'TLG/ShieldShader-UI': fallback shader 'Particles/Additive' not found
Launched and connected shader compiler UnityShaderCompiler.exe after 0.07 seconds
Refreshing native plugins compatible for Editor in 2.58 ms, found 3 plugins.
Preloading 0 native plugins for Editor in 0.00 ms.
Unloading 3990 Unused Serialized files (Serialized files now loaded: 0)
System memory in use before: 197.0 MB.
System memory in use after: 197.3 MB.

Unloading 57 unused Assets to reduce memory usage. Loaded Objects now: 4415.
Total: 10.956500 ms (FindLiveObjects: 0.971400 ms CreateObjectMapping: 0.291300 ms MarkObjects: 9.477400 ms  DeleteObjects: 0.214400 ms)

========================================================================
Received Import Request.
  path: Assets/Scriptable Objects/Movement
  artifactKey: Guid(7ca5154e1ca34b946a0fb011c7a896f7) Importer(815301076,1909f56bfc062723c751e8b465ee728b)
Start importing Assets/Scriptable Objects/Movement using Guid(7ca5154e1ca34b946a0fb011c7a896f7) Importer(815301076,1909f56bfc062723c751e8b465ee728b)  -> (artifact id: '65e2214b0a062522a87a0bd3f07eb21e') in 0.028561 seconds
  Import took 0.039783 seconds .

========================================================================
Received Import Request.
  Time since last request: 2.622920 seconds.
  path: Assets/3D Tetris/3D Tetris Demo scene.unity
  artifactKey: Guid(7de3b5f84dd9a7f4da7f9091e5903eae) Importer(815301076,1909f56bfc062723c751e8b465ee728b)
Start importing Assets/3D Tetris/3D Tetris Demo scene.unity using Guid(7de3b5f84dd9a7f4da7f9091e5903eae) Importer(815301076,1909f56bfc062723c751e8b465ee728b)  -> (artifact id: '0b5159264b4bdd742caf6b6e3cd63b2d') in 0.037763 seconds
  Import took 0.045995 seconds .

========================================================================
Received Prepare
Registering precompiled user dll's ...
Registered in 0.009109 seconds.
Begin MonoManager ReloadAssembly
Native extension for WindowsStandalone target not found
Refreshing native plugins compatible for Editor in 2.18 ms, found 3 plugins.
Preloading 0 native plugins for Editor in 0.00 ms.
Mono: successfully reloaded assembly
- Completed reload, in  1.710 seconds
Platform modules already initialized, skipping
Shader 'Universal Render Pipeline/Particles/Lit': fallback shader 'Universal Render Pipeline/Particles/SimpleLit' not found
Shader 'TLG/ShieldShader': fallback shader 'Particles/Additive' not found
Shader 'TLG/ShieldShader-UI': fallback shader 'Particles/Additive' not found
Refreshing native plugins compatible for Editor in 2.19 ms, found 3 plugins.
Preloading 0 native plugins for Editor in 0.00 ms.
Unloading 3708 Unused Serialized files (Serialized files now loaded: 0)
System memory in use before: 169.5 MB.
System memory in use after: 169.8 MB.

Unloading 48 unused Assets to reduce memory usage. Loaded Objects now: 4418.
Total: 8.650700 ms (FindLiveObjects: 0.788500 ms CreateObjectMapping: 0.259200 ms MarkObjects: 7.552400 ms  DeleteObjects: 0.049100 ms)

AssetImportWorkerClient::OnTransportError - code=2 error=End of file
