Using pre-set license
Built from '2020.3/staging' branch; Version is '2020.3.6f1 (338bb68529b2) revision 3378102'; Using compiler version '192528614'; Build Type 'Release'
OS: 'Windows 10 Pro; OS build 19045.3570; Version 2009; 64bit' Language: 'en' Physical Memory: 16332 MB
BatchMode: 1, IsHumanControllingUs: 0, StartBugReporterOnCrash: 0, Is64bit: 1, IsPro: 0

 COMMAND LINE ARGUMENTS:
C:\Program Files\Unity\Hub\Editor\2020.3.6f1\Editor\Unity.exe
-adb2
-batchMode
-noUpm
-name
AssetImportWorker5
-projectPath
G:/Unity/TwentyOne-Demo
-logFile
Logs/AssetImportWorker5.log
-srvPort
55278
Successfully changed project path to: G:/Unity/TwentyOne-Demo
G:/Unity/TwentyOne-Demo
Using Asset Import Pipeline V2.
Refreshing native plugins compatible for Editor in 320.38 ms, found 3 plugins.
Preloading 0 native plugins for Editor in 0.00 ms.
Initialize engine version: 2020.3.6f1 (338bb68529b2)
[Subsystems] Discovering subsystems at path C:/Program Files/Unity/Hub/Editor/2020.3.6f1/Editor/Data/Resources/UnitySubsystems
[Subsystems] Discovering subsystems at path G:/Unity/TwentyOne-Demo/Assets
GfxDevice: creating device client; threaded=0
Direct3D:
    Version:  Direct3D 11.0 [level 11.1]
    Renderer: NVIDIA GeForce GTX 1070 (ID=0x1b81)
    Vendor:   
    VRAM:     8081 MB
    Driver:   31.0.15.3623
Shader 'TLG/ShieldShader': fallback shader 'Particles/Additive' not found
Shader 'Universal Render Pipeline/Particles/Lit': fallback shader 'Universal Render Pipeline/Particles/SimpleLit' not found
Shader 'TLG/ShieldShader-UI': fallback shader 'Particles/Additive' not found
Initialize mono
Mono path[0] = 'C:/Program Files/Unity/Hub/Editor/2020.3.6f1/Editor/Data/Managed'
Mono path[1] = 'C:/Program Files/Unity/Hub/Editor/2020.3.6f1/Editor/Data/MonoBleedingEdge/lib/mono/unityjit'
Mono config path = 'C:/Program Files/Unity/Hub/Editor/2020.3.6f1/Editor/Data/MonoBleedingEdge/etc'
Using monoOptions --debugger-agent=transport=dt_socket,embedding=1,server=y,suspend=n,address=127.0.0.1:56572
Begin MonoManager ReloadAssembly
Registering precompiled unity dll's ...
Register platform support module: C:/Program Files/Unity/Hub/Editor/2020.3.6f1/Editor/Data/PlaybackEngines/WindowsStandaloneSupport/UnityEditor.WindowsStandalone.Extensions.dll
Registered in 0.004474 seconds.
Native extension for WindowsStandalone target not found
Refreshing native plugins compatible for Editor in 215.03 ms, found 3 plugins.
Preloading 0 native plugins for Editor in 0.00 ms.
Mono: successfully reloaded assembly
- Completed reload, in  2.130 seconds
Platform modules already initialized, skipping
Registering precompiled user dll's ...
Registered in 0.010651 seconds.
Begin MonoManager ReloadAssembly
Native extension for WindowsStandalone target not found
Refreshing native plugins compatible for Editor in 211.54 ms, found 3 plugins.
Preloading 0 native plugins for Editor in 0.00 ms.
Mono: successfully reloaded assembly
- Completed reload, in  3.269 seconds
Platform modules already initialized, skipping
========================================================================
Worker process is ready to serve import requests
Shader 'TLG/ShieldShader-UI': fallback shader 'Particles/Additive' not found
Shader 'Universal Render Pipeline/Particles/Lit': fallback shader 'Universal Render Pipeline/Particles/SimpleLit' not found
Shader 'TLG/ShieldShader': fallback shader 'Particles/Additive' not found
Launched and connected shader compiler UnityShaderCompiler.exe after 0.24 seconds
Refreshing native plugins compatible for Editor in 2.51 ms, found 3 plugins.
Preloading 0 native plugins for Editor in 0.00 ms.
Unloading 4200 Unused Serialized files (Serialized files now loaded: 0)
System memory in use before: 205.2 MB.
System memory in use after: 205.4 MB.

Unloading 59 unused Assets to reduce memory usage. Loaded Objects now: 4627.
Total: 16.996900 ms (FindLiveObjects: 0.969200 ms CreateObjectMapping: 0.395500 ms MarkObjects: 14.950500 ms  DeleteObjects: 0.679700 ms)

========================================================================
Received Import Request.
  path: Assets/Scenes/MainMenu.unity
  artifactKey: Guid(bc44ca8ac821aaa4d9e8d693a2628eca) Importer(815301076,1909f56bfc062723c751e8b465ee728b)
Start importing Assets/Scenes/MainMenu.unity using Guid(bc44ca8ac821aaa4d9e8d693a2628eca) Importer(815301076,1909f56bfc062723c751e8b465ee728b)  -> (artifact id: 'faa09bf19923cd9439d785b97a4f0c23') in 0.050419 seconds
  Import took 0.123840 seconds .

========================================================================
Received Prepare
Shader 'TLG/ShieldShader-UI': fallback shader 'Particles/Additive' not found
Shader 'Universal Render Pipeline/Particles/Lit': fallback shader 'Universal Render Pipeline/Particles/SimpleLit' not found
Shader 'TLG/ShieldShader': fallback shader 'Particles/Additive' not found
Refreshing native plugins compatible for Editor in 133.85 ms, found 3 plugins.
Preloading 0 native plugins for Editor in 0.00 ms.
Unloading 45 Unused Serialized files (Serialized files now loaded: 0)
System memory in use before: 100.8 MB.
System memory in use after: 101.0 MB.

Unloading 45 unused Assets to reduce memory usage. Loaded Objects now: 4627.
Total: 9.041900 ms (FindLiveObjects: 0.853900 ms CreateObjectMapping: 0.259100 ms MarkObjects: 7.888800 ms  DeleteObjects: 0.037900 ms)

========================================================================
Received Import Request.
  Time since last request: 129.121903 seconds.
  path: Assets/00_Project Resources/Loading Screen Images/Loading Screen.png
  artifactKey: Guid(c37d6857d65ade840851a1bb90e1a7e7) Importer(815301076,1909f56bfc062723c751e8b465ee728b)
Start importing Assets/00_Project Resources/Loading Screen Images/Loading Screen.png using Guid(c37d6857d65ade840851a1bb90e1a7e7) Importer(815301076,1909f56bfc062723c751e8b465ee728b)  -> (artifact id: 'a91e5a8f4b1f35d5bf1f87db9a38795c') in 0.275881 seconds
  Import took 0.325143 seconds .

========================================================================
Received Prepare
Registering precompiled user dll's ...
Registered in 0.538828 seconds.
Begin MonoManager ReloadAssembly
Native extension for WindowsStandalone target not found
Refreshing native plugins compatible for Editor in 2.37 ms, found 3 plugins.
Preloading 0 native plugins for Editor in 0.00 ms.
Mono: successfully reloaded assembly
- Completed reload, in  4.651 seconds
Platform modules already initialized, skipping
Shader 'TLG/ShieldShader-UI': fallback shader 'Particles/Additive' not found
Shader 'Universal Render Pipeline/Particles/Lit': fallback shader 'Universal Render Pipeline/Particles/SimpleLit' not found
Shader 'TLG/ShieldShader': fallback shader 'Particles/Additive' not found
Refreshing native plugins compatible for Editor in 2.12 ms, found 3 plugins.
Preloading 0 native plugins for Editor in 0.00 ms.
Unloading 3917 Unused Serialized files (Serialized files now loaded: 0)
System memory in use before: 180.7 MB.
System memory in use after: 180.9 MB.

Unloading 48 unused Assets to reduce memory usage. Loaded Objects now: 4636.
Total: 10.091500 ms (FindLiveObjects: 0.838100 ms CreateObjectMapping: 0.247300 ms MarkObjects: 8.952500 ms  DeleteObjects: 0.051500 ms)

========================================================================
Received Import Request.
  Time since last request: 1026.685011 seconds.
  path: Assets/Scenes/Gameplay.unity
  artifactKey: Guid(204bba36f73e1514082f813596d9baab) Importer(815301076,1909f56bfc062723c751e8b465ee728b)
Start importing Assets/Scenes/Gameplay.unity using Guid(204bba36f73e1514082f813596d9baab) Importer(815301076,1909f56bfc062723c751e8b465ee728b)  -> (artifact id: '4af495a42e195993e5c9f8816175c68b') in 0.036495 seconds
  Import took 0.067417 seconds .

========================================================================
Received Import Request.
  Time since last request: 36.875961 seconds.
  path: Assets/Scenes/MainMenu.unity
  artifactKey: Guid(bc44ca8ac821aaa4d9e8d693a2628eca) Importer(815301076,1909f56bfc062723c751e8b465ee728b)
Start importing Assets/Scenes/MainMenu.unity using Guid(bc44ca8ac821aaa4d9e8d693a2628eca) Importer(815301076,1909f56bfc062723c751e8b465ee728b)  -> (artifact id: '8662a0c8020268e99ef38a2a1c5cfcf0') in 0.003931 seconds
  Import took 0.052681 seconds .

========================================================================
Received Import Request.
  Time since last request: 215.170241 seconds.
  path: Assets/Scenes/LoadingScreen.unity
  artifactKey: Guid(1857ea5baac5a5b4993b3802c91a0ed4) Importer(815301076,1909f56bfc062723c751e8b465ee728b)
Start importing Assets/Scenes/LoadingScreen.unity using Guid(1857ea5baac5a5b4993b3802c91a0ed4) Importer(815301076,1909f56bfc062723c751e8b465ee728b)  -> (artifact id: '20bfb7abe11d27dd690e4d2005ac7d53') in 0.021814 seconds
  Import took 0.072082 seconds .

========================================================================
Received Import Request.
  Time since last request: 57.199091 seconds.
  path: Assets/Scenes/Gameplay.unity
  artifactKey: Guid(204bba36f73e1514082f813596d9baab) Importer(815301076,1909f56bfc062723c751e8b465ee728b)
Start importing Assets/Scenes/Gameplay.unity using Guid(204bba36f73e1514082f813596d9baab) Importer(815301076,1909f56bfc062723c751e8b465ee728b)  -> (artifact id: 'c405c8fcb2c415e6a6eb16d0feccb9f4') in 0.005494 seconds
  Import took 0.050404 seconds .

========================================================================
Received Import Request.
  Time since last request: 124.248327 seconds.
  path: Assets/Scenes
  artifactKey: Guid(b32c349dfd96c02418e20dd23fde34ce) Importer(815301076,1909f56bfc062723c751e8b465ee728b)
Start importing Assets/Scenes using Guid(b32c349dfd96c02418e20dd23fde34ce) Importer(815301076,1909f56bfc062723c751e8b465ee728b)  -> (artifact id: 'a049e4720ab2fe9b9c3ee504783fd8a9') in 0.021355 seconds
  Import took 0.053855 seconds .

========================================================================
Received Prepare
Registering precompiled user dll's ...
Registered in 0.008016 seconds.
Begin MonoManager ReloadAssembly
Native extension for WindowsStandalone target not found
Refreshing native plugins compatible for Editor in 2.80 ms, found 3 plugins.
Preloading 0 native plugins for Editor in 0.00 ms.
Mono: successfully reloaded assembly
- Completed reload, in  1.842 seconds
Platform modules already initialized, skipping
Shader 'TLG/ShieldShader-UI': fallback shader 'Particles/Additive' not found
Shader 'Universal Render Pipeline/Particles/Lit': fallback shader 'Universal Render Pipeline/Particles/SimpleLit' not found
Shader 'TLG/ShieldShader': fallback shader 'Particles/Additive' not found
Refreshing native plugins compatible for Editor in 2.65 ms, found 3 plugins.
Preloading 0 native plugins for Editor in 0.00 ms.
Unloading 3917 Unused Serialized files (Serialized files now loaded: 0)
System memory in use before: 180.8 MB.
System memory in use after: 181.0 MB.

Unloading 48 unused Assets to reduce memory usage. Loaded Objects now: 4639.
Total: 10.990100 ms (FindLiveObjects: 0.866200 ms CreateObjectMapping: 0.271800 ms MarkObjects: 9.801200 ms  DeleteObjects: 0.048800 ms)

========================================================================
Received Prepare
Registering precompiled user dll's ...
Registered in 0.008049 seconds.
Begin MonoManager ReloadAssembly
Native extension for WindowsStandalone target not found
Refreshing native plugins compatible for Editor in 2.19 ms, found 3 plugins.
Preloading 0 native plugins for Editor in 0.00 ms.
Mono: successfully reloaded assembly
- Completed reload, in  1.810 seconds
Platform modules already initialized, skipping
Shader 'TLG/ShieldShader-UI': fallback shader 'Particles/Additive' not found
Shader 'Universal Render Pipeline/Particles/Lit': fallback shader 'Universal Render Pipeline/Particles/SimpleLit' not found
Shader 'TLG/ShieldShader': fallback shader 'Particles/Additive' not found
Refreshing native plugins compatible for Editor in 2.35 ms, found 3 plugins.
Preloading 0 native plugins for Editor in 0.00 ms.
Unloading 3917 Unused Serialized files (Serialized files now loaded: 0)
System memory in use before: 180.8 MB.
System memory in use after: 181.1 MB.

Unloading 48 unused Assets to reduce memory usage. Loaded Objects now: 4642.
Total: 9.507100 ms (FindLiveObjects: 1.317300 ms CreateObjectMapping: 0.316400 ms MarkObjects: 7.821100 ms  DeleteObjects: 0.050600 ms)

========================================================================
Received Prepare
Registering precompiled user dll's ...
Registered in 0.008821 seconds.
Begin MonoManager ReloadAssembly
Native extension for WindowsStandalone target not found
Refreshing native plugins compatible for Editor in 2.19 ms, found 3 plugins.
Preloading 0 native plugins for Editor in 0.00 ms.
Mono: successfully reloaded assembly
- Completed reload, in  1.774 seconds
Platform modules already initialized, skipping
Shader 'TLG/ShieldShader-UI': fallback shader 'Particles/Additive' not found
Shader 'Universal Render Pipeline/Particles/Lit': fallback shader 'Universal Render Pipeline/Particles/SimpleLit' not found
Shader 'TLG/ShieldShader': fallback shader 'Particles/Additive' not found
Refreshing native plugins compatible for Editor in 2.45 ms, found 3 plugins.
Preloading 0 native plugins for Editor in 0.00 ms.
Unloading 3917 Unused Serialized files (Serialized files now loaded: 0)
System memory in use before: 180.8 MB.
System memory in use after: 181.1 MB.

Unloading 48 unused Assets to reduce memory usage. Loaded Objects now: 4645.
Total: 8.666400 ms (FindLiveObjects: 0.823800 ms CreateObjectMapping: 0.250400 ms MarkObjects: 7.528100 ms  DeleteObjects: 0.062000 ms)

========================================================================
Received Import Request.
  Time since last request: 44090.352832 seconds.
  path: Assets/00_Project Resources/Audio
  artifactKey: Guid(b6b6aa34f2233d64db1872efd680897c) Importer(815301076,1909f56bfc062723c751e8b465ee728b)
Start importing Assets/00_Project Resources/Audio using Guid(b6b6aa34f2233d64db1872efd680897c) Importer(815301076,1909f56bfc062723c751e8b465ee728b)  -> (artifact id: '889c255ccde96f4670674f8607267ffe') in 0.567787 seconds
  Import took 1.060308 seconds .

========================================================================
Received Import Request.
  Time since last request: 8.143331 seconds.
  path: Assets/00_Project Resources/Audio/Audio Bumpeer
  artifactKey: Guid(e2a9293f0139d7c42bbedf71487b3147) Importer(815301076,1909f56bfc062723c751e8b465ee728b)
Start importing Assets/00_Project Resources/Audio/Audio Bumpeer using Guid(e2a9293f0139d7c42bbedf71487b3147) Importer(815301076,1909f56bfc062723c751e8b465ee728b)  -> (artifact id: 'f0ec35dad7bfbb73f806bbe55e758a7d') in 0.025892 seconds
  Import took 0.073118 seconds .

========================================================================
Received Import Request.
  Time since last request: 7.573217 seconds.
  path: Assets/00_Project Resources/Audio/Logo Bumpers
  artifactKey: Guid(e2a9293f0139d7c42bbedf71487b3147) Importer(815301076,1909f56bfc062723c751e8b465ee728b)
Start importing Assets/00_Project Resources/Audio/Logo Bumpers using Guid(e2a9293f0139d7c42bbedf71487b3147) Importer(815301076,1909f56bfc062723c751e8b465ee728b)  -> (artifact id: '2f7b7a9be076a348ce329cdc20bce415') in 0.018848 seconds
  Import took 0.055367 seconds .

========================================================================
Received Prepare
Registering precompiled user dll's ...
Registered in 0.055801 seconds.
Begin MonoManager ReloadAssembly
Native extension for WindowsStandalone target not found
Refreshing native plugins compatible for Editor in 2.58 ms, found 5 plugins.
Preloading 0 native plugins for Editor in 0.00 ms.
Mono: successfully reloaded assembly
- Completed reload, in  3.203 seconds
Platform modules already initialized, skipping
Shader 'TLG/ShieldShader-UI': fallback shader 'Particles/Additive' not found
Shader 'Universal Render Pipeline/Particles/Lit': fallback shader 'Universal Render Pipeline/Particles/SimpleLit' not found
Shader 'TLG/ShieldShader': fallback shader 'Particles/Additive' not found
Refreshing native plugins compatible for Editor in 2.40 ms, found 5 plugins.
Preloading 0 native plugins for Editor in 0.00 ms.
Unloading 3972 Unused Serialized files (Serialized files now loaded: 0)
System memory in use before: 186.8 MB.
System memory in use after: 187.1 MB.

Unloading 61 unused Assets to reduce memory usage. Loaded Objects now: 4750.
Total: 10.478300 ms (FindLiveObjects: 1.090600 ms CreateObjectMapping: 0.232300 ms MarkObjects: 9.085500 ms  DeleteObjects: 0.067800 ms)

========================================================================
Received Import Request.
  Time since last request: 35925.917071 seconds.
  path: Assets/2DGamekit/Art/Sprites/Interactables/WeaponPickup.png
  artifactKey: Guid(8c2c753f45b686447b98240ee8ab9d4d) Importer(815301076,1909f56bfc062723c751e8b465ee728b)
Start importing Assets/2DGamekit/Art/Sprites/Interactables/WeaponPickup.png using Guid(8c2c753f45b686447b98240ee8ab9d4d) Importer(815301076,1909f56bfc062723c751e8b465ee728b)  -> (artifact id: '5682848cdc8bae94dd85cc8af75fba2b') in 20.016080 seconds
  Import took 24.167206 seconds .

========================================================================
Received Import Request.
  Time since last request: 0.000474 seconds.
  path: Assets/UI/winners-don't-use-drugs-1366×768.jpg
  artifactKey: Guid(5c2350c078c7d2b4d8c5e6cf5b3ad04d) Importer(815301076,1909f56bfc062723c751e8b465ee728b)
Start importing Assets/UI/winners-don't-use-drugs-1366×768.jpg using Guid(5c2350c078c7d2b4d8c5e6cf5b3ad04d) Importer(815301076,1909f56bfc062723c751e8b465ee728b)  -> (artifact id: '21a439b40bbc7c5606acfdcf12384252') in 0.271381 seconds
  Import took 0.311707 seconds .

========================================================================
Received Import Request.
  Time since last request: 0.000491 seconds.
  path: Packages/com.unity.render-pipelines.core/Runtime/Debugging/Prefabs/Textures/White1px.png
  artifactKey: Guid(127279d577f25ac4ea17dae3782e5074) Importer(815301076,1909f56bfc062723c751e8b465ee728b)
Start importing Packages/com.unity.render-pipelines.core/Runtime/Debugging/Prefabs/Textures/White1px.png using Guid(127279d577f25ac4ea17dae3782e5074) Importer(815301076,1909f56bfc062723c751e8b465ee728b)  -> (artifact id: '03748a55638b07324dc73dde56b1d071') in 0.162498 seconds
  Import took 0.181434 seconds .

========================================================================
Received Prepare
Registering precompiled user dll's ...
Registered in 0.953146 seconds.
Begin MonoManager ReloadAssembly
Native extension for WindowsStandalone target not found
Refreshing native plugins compatible for Editor in 2.51 ms, found 5 plugins.
Preloading 0 native plugins for Editor in 0.00 ms.
Mono: successfully reloaded assembly
- Completed reload, in  3.985 seconds
Platform modules already initialized, skipping
Shader 'TLG/ShieldShader-UI': fallback shader 'Particles/Additive' not found
Shader 'Universal Render Pipeline/Particles/Lit': fallback shader 'Universal Render Pipeline/Particles/SimpleLit' not found
Shader 'TLG/ShieldShader': fallback shader 'Particles/Additive' not found
Refreshing native plugins compatible for Editor in 2.27 ms, found 3 plugins.
Preloading 0 native plugins for Editor in 0.00 ms.
Unloading 3973 Unused Serialized files (Serialized files now loaded: 0)
System memory in use before: 186.9 MB.
System memory in use after: 187.1 MB.

Unloading 62 unused Assets to reduce memory usage. Loaded Objects now: 4759.
Total: 10.196500 ms (FindLiveObjects: 1.357400 ms CreateObjectMapping: 0.291100 ms MarkObjects: 8.317400 ms  DeleteObjects: 0.227800 ms)

========================================================================
Received Prepare
Registering precompiled user dll's ...
Registered in 0.008001 seconds.
Begin MonoManager ReloadAssembly
Native extension for WindowsStandalone target not found
Refreshing native plugins compatible for Editor in 2.17 ms, found 3 plugins.
Preloading 0 native plugins for Editor in 0.00 ms.
Mono: successfully reloaded assembly
- Completed reload, in  2.100 seconds
Platform modules already initialized, skipping
Shader 'TLG/ShieldShader-UI': fallback shader 'Particles/Additive' not found
Shader 'Universal Render Pipeline/Particles/Lit': fallback shader 'Universal Render Pipeline/Particles/SimpleLit' not found
Shader 'TLG/ShieldShader': fallback shader 'Particles/Additive' not found
Refreshing native plugins compatible for Editor in 2.25 ms, found 3 plugins.
Preloading 0 native plugins for Editor in 0.00 ms.
Unloading 3918 Unused Serialized files (Serialized files now loaded: 0)
System memory in use before: 185.2 MB.
System memory in use after: 185.5 MB.

Unloading 121 unused Assets to reduce memory usage. Loaded Objects now: 4689.
Total: 9.225200 ms (FindLiveObjects: 1.094300 ms CreateObjectMapping: 0.335100 ms MarkObjects: 7.693500 ms  DeleteObjects: 0.100100 ms)

========================================================================
Received Prepare
Registering precompiled user dll's ...
Registered in 0.008638 seconds.
Begin MonoManager ReloadAssembly
Native extension for WindowsStandalone target not found
Refreshing native plugins compatible for Editor in 2.35 ms, found 3 plugins.
Preloading 0 native plugins for Editor in 0.00 ms.
Mono: successfully reloaded assembly
- Completed reload, in  1.911 seconds
Platform modules already initialized, skipping
Shader 'TLG/ShieldShader-UI': fallback shader 'Particles/Additive' not found
Shader 'Universal Render Pipeline/Particles/Lit': fallback shader 'Universal Render Pipeline/Particles/SimpleLit' not found
Shader 'TLG/ShieldShader': fallback shader 'Particles/Additive' not found
Refreshing native plugins compatible for Editor in 2.50 ms, found 3 plugins.
Preloading 0 native plugins for Editor in 0.00 ms.
Unloading 3918 Unused Serialized files (Serialized files now loaded: 0)
System memory in use before: 184.8 MB.
System memory in use after: 185.1 MB.

Unloading 48 unused Assets to reduce memory usage. Loaded Objects now: 4692.
Total: 8.604700 ms (FindLiveObjects: 0.821600 ms CreateObjectMapping: 0.228600 ms MarkObjects: 7.500600 ms  DeleteObjects: 0.051800 ms)

========================================================================
Received Prepare
Registering precompiled user dll's ...
Registered in 0.008078 seconds.
Begin MonoManager ReloadAssembly
Native extension for WindowsStandalone target not found
Refreshing native plugins compatible for Editor in 2.36 ms, found 3 plugins.
Preloading 0 native plugins for Editor in 0.00 ms.
Mono: successfully reloaded assembly
- Completed reload, in  1.879 seconds
Platform modules already initialized, skipping
Shader 'TLG/ShieldShader-UI': fallback shader 'Particles/Additive' not found
Shader 'Universal Render Pipeline/Particles/Lit': fallback shader 'Universal Render Pipeline/Particles/SimpleLit' not found
Shader 'TLG/ShieldShader': fallback shader 'Particles/Additive' not found
Refreshing native plugins compatible for Editor in 2.26 ms, found 3 plugins.
Preloading 0 native plugins for Editor in 0.00 ms.
Unloading 3918 Unused Serialized files (Serialized files now loaded: 0)
System memory in use before: 184.8 MB.
System memory in use after: 185.1 MB.

Unloading 48 unused Assets to reduce memory usage. Loaded Objects now: 4695.
Total: 9.408900 ms (FindLiveObjects: 0.763700 ms CreateObjectMapping: 0.222600 ms MarkObjects: 8.354600 ms  DeleteObjects: 0.066200 ms)

========================================================================
Received Prepare
Registering precompiled user dll's ...
Registered in 0.007891 seconds.
Begin MonoManager ReloadAssembly
Native extension for WindowsStandalone target not found
Refreshing native plugins compatible for Editor in 2.23 ms, found 3 plugins.
Preloading 0 native plugins for Editor in 0.00 ms.
Mono: successfully reloaded assembly
- Completed reload, in  1.841 seconds
Platform modules already initialized, skipping
Shader 'TLG/ShieldShader-UI': fallback shader 'Particles/Additive' not found
Shader 'Universal Render Pipeline/Particles/Lit': fallback shader 'Universal Render Pipeline/Particles/SimpleLit' not found
Shader 'TLG/ShieldShader': fallback shader 'Particles/Additive' not found
Refreshing native plugins compatible for Editor in 2.22 ms, found 3 plugins.
Preloading 0 native plugins for Editor in 0.00 ms.
Unloading 3918 Unused Serialized files (Serialized files now loaded: 0)
System memory in use before: 184.8 MB.
System memory in use after: 185.1 MB.

Unloading 48 unused Assets to reduce memory usage. Loaded Objects now: 4698.
Total: 8.423700 ms (FindLiveObjects: 0.850900 ms CreateObjectMapping: 0.222800 ms MarkObjects: 7.303400 ms  DeleteObjects: 0.044400 ms)

========================================================================
Received Prepare
Registering precompiled user dll's ...
Registered in 0.008490 seconds.
Begin MonoManager ReloadAssembly
Native extension for WindowsStandalone target not found
Refreshing native plugins compatible for Editor in 2.52 ms, found 3 plugins.
Preloading 0 native plugins for Editor in 0.00 ms.
Mono: successfully reloaded assembly
- Completed reload, in  1.946 seconds
Platform modules already initialized, skipping
Shader 'TLG/ShieldShader-UI': fallback shader 'Particles/Additive' not found
Shader 'Universal Render Pipeline/Particles/Lit': fallback shader 'Universal Render Pipeline/Particles/SimpleLit' not found
Shader 'TLG/ShieldShader': fallback shader 'Particles/Additive' not found
Refreshing native plugins compatible for Editor in 2.21 ms, found 3 plugins.
Preloading 0 native plugins for Editor in 0.00 ms.
Unloading 3918 Unused Serialized files (Serialized files now loaded: 0)
System memory in use before: 184.8 MB.
System memory in use after: 185.1 MB.

Unloading 48 unused Assets to reduce memory usage. Loaded Objects now: 4701.
Total: 9.998600 ms (FindLiveObjects: 0.767700 ms CreateObjectMapping: 0.203700 ms MarkObjects: 8.966900 ms  DeleteObjects: 0.057900 ms)

========================================================================
Received Prepare
Registering precompiled user dll's ...
Registered in 0.008208 seconds.
Begin MonoManager ReloadAssembly
Native extension for WindowsStandalone target not found
Refreshing native plugins compatible for Editor in 2.30 ms, found 3 plugins.
Preloading 0 native plugins for Editor in 0.00 ms.
Mono: successfully reloaded assembly
- Completed reload, in  1.847 seconds
Platform modules already initialized, skipping
Shader 'TLG/ShieldShader-UI': fallback shader 'Particles/Additive' not found
Shader 'Universal Render Pipeline/Particles/Lit': fallback shader 'Universal Render Pipeline/Particles/SimpleLit' not found
Shader 'TLG/ShieldShader': fallback shader 'Particles/Additive' not found
Refreshing native plugins compatible for Editor in 2.64 ms, found 3 plugins.
Preloading 0 native plugins for Editor in 0.00 ms.
Unloading 3918 Unused Serialized files (Serialized files now loaded: 0)
System memory in use before: 184.8 MB.
System memory in use after: 185.1 MB.

Unloading 48 unused Assets to reduce memory usage. Loaded Objects now: 4704.
Total: 9.710700 ms (FindLiveObjects: 1.420800 ms CreateObjectMapping: 0.396200 ms MarkObjects: 7.836900 ms  DeleteObjects: 0.054100 ms)

========================================================================
Received Prepare
Registering precompiled user dll's ...
Registered in 0.010218 seconds.
Begin MonoManager ReloadAssembly
Native extension for WindowsStandalone target not found
Refreshing native plugins compatible for Editor in 2.27 ms, found 3 plugins.
Preloading 0 native plugins for Editor in 0.00 ms.
Mono: successfully reloaded assembly
- Completed reload, in  1.911 seconds
Platform modules already initialized, skipping
Shader 'TLG/ShieldShader-UI': fallback shader 'Particles/Additive' not found
Shader 'Universal Render Pipeline/Particles/Lit': fallback shader 'Universal Render Pipeline/Particles/SimpleLit' not found
Shader 'TLG/ShieldShader': fallback shader 'Particles/Additive' not found
Refreshing native plugins compatible for Editor in 2.69 ms, found 3 plugins.
Preloading 0 native plugins for Editor in 0.00 ms.
Unloading 3918 Unused Serialized files (Serialized files now loaded: 0)
System memory in use before: 184.8 MB.
System memory in use after: 185.1 MB.

Unloading 48 unused Assets to reduce memory usage. Loaded Objects now: 4707.
Total: 8.934300 ms (FindLiveObjects: 0.805100 ms CreateObjectMapping: 0.216300 ms MarkObjects: 7.844300 ms  DeleteObjects: 0.066500 ms)

========================================================================
Received Prepare
Registering precompiled user dll's ...
Registered in 0.009305 seconds.
Begin MonoManager ReloadAssembly
Native extension for WindowsStandalone target not found
Refreshing native plugins compatible for Editor in 2.21 ms, found 3 plugins.
Preloading 0 native plugins for Editor in 0.00 ms.
Mono: successfully reloaded assembly
- Completed reload, in  1.892 seconds
Platform modules already initialized, skipping
Shader 'TLG/ShieldShader-UI': fallback shader 'Particles/Additive' not found
Shader 'Universal Render Pipeline/Particles/Lit': fallback shader 'Universal Render Pipeline/Particles/SimpleLit' not found
Shader 'TLG/ShieldShader': fallback shader 'Particles/Additive' not found
Refreshing native plugins compatible for Editor in 2.59 ms, found 3 plugins.
Preloading 0 native plugins for Editor in 0.00 ms.
Unloading 3918 Unused Serialized files (Serialized files now loaded: 0)
System memory in use before: 184.8 MB.
System memory in use after: 185.1 MB.

Unloading 48 unused Assets to reduce memory usage. Loaded Objects now: 4710.
Total: 9.729300 ms (FindLiveObjects: 1.051000 ms CreateObjectMapping: 0.260400 ms MarkObjects: 8.360400 ms  DeleteObjects: 0.055500 ms)

========================================================================
Received Prepare
Registering precompiled user dll's ...
Registered in 0.010673 seconds.
Begin MonoManager ReloadAssembly
Native extension for WindowsStandalone target not found
Refreshing native plugins compatible for Editor in 2.37 ms, found 3 plugins.
Preloading 0 native plugins for Editor in 0.00 ms.
Mono: successfully reloaded assembly
- Completed reload, in  2.016 seconds
Platform modules already initialized, skipping
Shader 'TLG/ShieldShader-UI': fallback shader 'Particles/Additive' not found
Shader 'Universal Render Pipeline/Particles/Lit': fallback shader 'Universal Render Pipeline/Particles/SimpleLit' not found
Shader 'TLG/ShieldShader': fallback shader 'Particles/Additive' not found
Refreshing native plugins compatible for Editor in 2.55 ms, found 3 plugins.
Preloading 0 native plugins for Editor in 0.00 ms.
Unloading 3918 Unused Serialized files (Serialized files now loaded: 0)
System memory in use before: 184.8 MB.
System memory in use after: 185.1 MB.

Unloading 48 unused Assets to reduce memory usage. Loaded Objects now: 4713.
Total: 9.415700 ms (FindLiveObjects: 0.832200 ms CreateObjectMapping: 0.216500 ms MarkObjects: 8.065600 ms  DeleteObjects: 0.298600 ms)

========================================================================
Received Prepare
Registering precompiled user dll's ...
Registered in 0.008440 seconds.
Begin MonoManager ReloadAssembly
Native extension for WindowsStandalone target not found
Refreshing native plugins compatible for Editor in 2.30 ms, found 3 plugins.
Preloading 0 native plugins for Editor in 0.00 ms.
Mono: successfully reloaded assembly
- Completed reload, in  2.111 seconds
Platform modules already initialized, skipping
Shader 'TLG/ShieldShader-UI': fallback shader 'Particles/Additive' not found
Shader 'Universal Render Pipeline/Particles/Lit': fallback shader 'Universal Render Pipeline/Particles/SimpleLit' not found
Shader 'TLG/ShieldShader': fallback shader 'Particles/Additive' not found
Refreshing native plugins compatible for Editor in 2.31 ms, found 3 plugins.
Preloading 0 native plugins for Editor in 0.00 ms.
Unloading 3918 Unused Serialized files (Serialized files now loaded: 0)
System memory in use before: 184.9 MB.
System memory in use after: 185.1 MB.

Unloading 48 unused Assets to reduce memory usage. Loaded Objects now: 4716.
Total: 9.065700 ms (FindLiveObjects: 0.986300 ms CreateObjectMapping: 0.359300 ms MarkObjects: 7.670800 ms  DeleteObjects: 0.047300 ms)

========================================================================
Received Prepare
Registering precompiled user dll's ...
Registered in 0.008885 seconds.
Begin MonoManager ReloadAssembly
Native extension for WindowsStandalone target not found
Refreshing native plugins compatible for Editor in 3.81 ms, found 3 plugins.
Preloading 0 native plugins for Editor in 0.00 ms.
Mono: successfully reloaded assembly
- Completed reload, in  2.000 seconds
Platform modules already initialized, skipping
Shader 'TLG/ShieldShader-UI': fallback shader 'Particles/Additive' not found
Shader 'Universal Render Pipeline/Particles/Lit': fallback shader 'Universal Render Pipeline/Particles/SimpleLit' not found
Shader 'TLG/ShieldShader': fallback shader 'Particles/Additive' not found
Refreshing native plugins compatible for Editor in 2.21 ms, found 3 plugins.
Preloading 0 native plugins for Editor in 0.00 ms.
Unloading 3918 Unused Serialized files (Serialized files now loaded: 0)
System memory in use before: 184.9 MB.
System memory in use after: 185.1 MB.

Unloading 48 unused Assets to reduce memory usage. Loaded Objects now: 4719.
Total: 9.335400 ms (FindLiveObjects: 1.038400 ms CreateObjectMapping: 0.221800 ms MarkObjects: 8.023100 ms  DeleteObjects: 0.048700 ms)

========================================================================
Received Prepare
Registering precompiled user dll's ...
Registered in 0.011121 seconds.
Begin MonoManager ReloadAssembly
Native extension for WindowsStandalone target not found
Refreshing native plugins compatible for Editor in 2.67 ms, found 3 plugins.
Preloading 0 native plugins for Editor in 0.00 ms.
Mono: successfully reloaded assembly
- Completed reload, in  2.425 seconds
Platform modules already initialized, skipping
Shader 'TLG/ShieldShader-UI': fallback shader 'Particles/Additive' not found
Shader 'Universal Render Pipeline/Particles/Lit': fallback shader 'Universal Render Pipeline/Particles/SimpleLit' not found
Shader 'TLG/ShieldShader': fallback shader 'Particles/Additive' not found
Refreshing native plugins compatible for Editor in 2.91 ms, found 3 plugins.
Preloading 0 native plugins for Editor in 0.00 ms.
Unloading 3918 Unused Serialized files (Serialized files now loaded: 0)
System memory in use before: 184.9 MB.
System memory in use after: 185.1 MB.

Unloading 48 unused Assets to reduce memory usage. Loaded Objects now: 4722.
Total: 12.131900 ms (FindLiveObjects: 1.352600 ms CreateObjectMapping: 0.410700 ms MarkObjects: 10.307300 ms  DeleteObjects: 0.058400 ms)

========================================================================
Received Prepare
Registering precompiled user dll's ...
Registered in 0.008994 seconds.
Begin MonoManager ReloadAssembly
Native extension for WindowsStandalone target not found
Refreshing native plugins compatible for Editor in 2.68 ms, found 3 plugins.
Preloading 0 native plugins for Editor in 0.00 ms.
Mono: successfully reloaded assembly
- Completed reload, in  1.897 seconds
Platform modules already initialized, skipping
Shader 'TLG/ShieldShader-UI': fallback shader 'Particles/Additive' not found
Shader 'Universal Render Pipeline/Particles/Lit': fallback shader 'Universal Render Pipeline/Particles/SimpleLit' not found
Shader 'TLG/ShieldShader': fallback shader 'Particles/Additive' not found
Refreshing native plugins compatible for Editor in 2.55 ms, found 3 plugins.
Preloading 0 native plugins for Editor in 0.00 ms.
Unloading 3918 Unused Serialized files (Serialized files now loaded: 0)
System memory in use before: 184.9 MB.
System memory in use after: 185.1 MB.

Unloading 48 unused Assets to reduce memory usage. Loaded Objects now: 4725.
Total: 9.427300 ms (FindLiveObjects: 1.175900 ms CreateObjectMapping: 0.581200 ms MarkObjects: 7.611600 ms  DeleteObjects: 0.056400 ms)

========================================================================
Received Prepare
Registering precompiled user dll's ...
Registered in 0.010548 seconds.
Begin MonoManager ReloadAssembly
Native extension for WindowsStandalone target not found
Refreshing native plugins compatible for Editor in 2.34 ms, found 3 plugins.
Preloading 0 native plugins for Editor in 0.00 ms.
Mono: successfully reloaded assembly
- Completed reload, in  1.828 seconds
Platform modules already initialized, skipping
Shader 'TLG/ShieldShader-UI': fallback shader 'Particles/Additive' not found
Shader 'Universal Render Pipeline/Particles/Lit': fallback shader 'Universal Render Pipeline/Particles/SimpleLit' not found
Shader 'TLG/ShieldShader': fallback shader 'Particles/Additive' not found
Refreshing native plugins compatible for Editor in 2.34 ms, found 3 plugins.
Preloading 0 native plugins for Editor in 0.00 ms.
Unloading 3918 Unused Serialized files (Serialized files now loaded: 0)
System memory in use before: 184.9 MB.
System memory in use after: 185.1 MB.

Unloading 48 unused Assets to reduce memory usage. Loaded Objects now: 4728.
Total: 8.955800 ms (FindLiveObjects: 0.825300 ms CreateObjectMapping: 0.240200 ms MarkObjects: 7.842800 ms  DeleteObjects: 0.045400 ms)

========================================================================
Received Prepare
Registering precompiled user dll's ...
Registered in 0.009450 seconds.
Begin MonoManager ReloadAssembly
Native extension for WindowsStandalone target not found
Refreshing native plugins compatible for Editor in 2.31 ms, found 3 plugins.
Preloading 0 native plugins for Editor in 0.00 ms.
Mono: successfully reloaded assembly
- Completed reload, in  2.006 seconds
Platform modules already initialized, skipping
Shader 'TLG/ShieldShader-UI': fallback shader 'Particles/Additive' not found
Shader 'Universal Render Pipeline/Particles/Lit': fallback shader 'Universal Render Pipeline/Particles/SimpleLit' not found
Shader 'TLG/ShieldShader': fallback shader 'Particles/Additive' not found
Refreshing native plugins compatible for Editor in 3.33 ms, found 3 plugins.
Preloading 0 native plugins for Editor in 0.00 ms.
Unloading 3918 Unused Serialized files (Serialized files now loaded: 0)
System memory in use before: 184.9 MB.
System memory in use after: 185.1 MB.

Unloading 48 unused Assets to reduce memory usage. Loaded Objects now: 4731.
Total: 10.539900 ms (FindLiveObjects: 1.753100 ms CreateObjectMapping: 0.342700 ms MarkObjects: 8.389400 ms  DeleteObjects: 0.052600 ms)

========================================================================
Received Import Request.
  Time since last request: 4533.985278 seconds.
  path: Assets/00_Project Resources/Boot Message Text (TMP).prefab
  artifactKey: Guid(b9c6c401ea4409b44a1733b9a874b59e) Importer(815301076,1909f56bfc062723c751e8b465ee728b)
Start importing Assets/00_Project Resources/Boot Message Text (TMP).prefab using Guid(b9c6c401ea4409b44a1733b9a874b59e) Importer(815301076,1909f56bfc062723c751e8b465ee728b)  -> (artifact id: '0c745b8067a5138c39a7d64977a2c7cf') in 0.362815 seconds
  Import took 0.412153 seconds .

========================================================================
Received Prepare
Registering precompiled user dll's ...
Registered in 0.008871 seconds.
Begin MonoManager ReloadAssembly
Native extension for WindowsStandalone target not found
Refreshing native plugins compatible for Editor in 2.96 ms, found 3 plugins.
Preloading 0 native plugins for Editor in 0.00 ms.
Mono: successfully reloaded assembly
- Completed reload, in  1.984 seconds
Platform modules already initialized, skipping
Shader 'TLG/ShieldShader-UI': fallback shader 'Particles/Additive' not found
Shader 'Universal Render Pipeline/Particles/Lit': fallback shader 'Universal Render Pipeline/Particles/SimpleLit' not found
Shader 'TLG/ShieldShader': fallback shader 'Particles/Additive' not found
Refreshing native plugins compatible for Editor in 3.35 ms, found 3 plugins.
Preloading 0 native plugins for Editor in 0.00 ms.
Unloading 3918 Unused Serialized files (Serialized files now loaded: 0)
System memory in use before: 184.9 MB.
System memory in use after: 185.2 MB.

Unloading 48 unused Assets to reduce memory usage. Loaded Objects now: 4734.
Total: 9.888100 ms (FindLiveObjects: 0.847400 ms CreateObjectMapping: 0.422000 ms MarkObjects: 8.553500 ms  DeleteObjects: 0.062400 ms)

========================================================================
Received Prepare
Registering precompiled user dll's ...
Registered in 0.009031 seconds.
Begin MonoManager ReloadAssembly
Native extension for WindowsStandalone target not found
Refreshing native plugins compatible for Editor in 2.17 ms, found 3 plugins.
Preloading 0 native plugins for Editor in 0.00 ms.
Mono: successfully reloaded assembly
- Completed reload, in  1.936 seconds
Platform modules already initialized, skipping
Shader 'TLG/ShieldShader-UI': fallback shader 'Particles/Additive' not found
Shader 'Universal Render Pipeline/Particles/Lit': fallback shader 'Universal Render Pipeline/Particles/SimpleLit' not found
Shader 'TLG/ShieldShader': fallback shader 'Particles/Additive' not found
Refreshing native plugins compatible for Editor in 2.37 ms, found 3 plugins.
Preloading 0 native plugins for Editor in 0.00 ms.
Unloading 3918 Unused Serialized files (Serialized files now loaded: 0)
System memory in use before: 184.9 MB.
System memory in use after: 185.2 MB.

Unloading 48 unused Assets to reduce memory usage. Loaded Objects now: 4737.
Total: 9.172900 ms (FindLiveObjects: 1.553800 ms CreateObjectMapping: 0.344400 ms MarkObjects: 7.223100 ms  DeleteObjects: 0.048500 ms)

========================================================================
Received Prepare
Registering precompiled user dll's ...
Registered in 0.010611 seconds.
Begin MonoManager ReloadAssembly
Native extension for WindowsStandalone target not found
Refreshing native plugins compatible for Editor in 2.92 ms, found 3 plugins.
Preloading 0 native plugins for Editor in 0.00 ms.
Mono: successfully reloaded assembly
- Completed reload, in  1.889 seconds
Platform modules already initialized, skipping
Shader 'TLG/ShieldShader-UI': fallback shader 'Particles/Additive' not found
Shader 'Universal Render Pipeline/Particles/Lit': fallback shader 'Universal Render Pipeline/Particles/SimpleLit' not found
Shader 'TLG/ShieldShader': fallback shader 'Particles/Additive' not found
Refreshing native plugins compatible for Editor in 4.62 ms, found 3 plugins.
Preloading 0 native plugins for Editor in 0.00 ms.
Unloading 3918 Unused Serialized files (Serialized files now loaded: 0)
System memory in use before: 184.9 MB.
System memory in use after: 185.2 MB.

Unloading 48 unused Assets to reduce memory usage. Loaded Objects now: 4740.
Total: 8.125200 ms (FindLiveObjects: 0.793900 ms CreateObjectMapping: 0.226300 ms MarkObjects: 7.060400 ms  DeleteObjects: 0.043000 ms)

========================================================================
Received Prepare
Registering precompiled user dll's ...
Registered in 0.009090 seconds.
Begin MonoManager ReloadAssembly
Native extension for WindowsStandalone target not found
Refreshing native plugins compatible for Editor in 2.21 ms, found 3 plugins.
Preloading 0 native plugins for Editor in 0.00 ms.
Mono: successfully reloaded assembly
- Completed reload, in  1.852 seconds
Platform modules already initialized, skipping
Shader 'TLG/ShieldShader-UI': fallback shader 'Particles/Additive' not found
Shader 'Universal Render Pipeline/Particles/Lit': fallback shader 'Universal Render Pipeline/Particles/SimpleLit' not found
Shader 'TLG/ShieldShader': fallback shader 'Particles/Additive' not found
Refreshing native plugins compatible for Editor in 2.72 ms, found 3 plugins.
Preloading 0 native plugins for Editor in 0.00 ms.
Unloading 3918 Unused Serialized files (Serialized files now loaded: 0)
System memory in use before: 184.9 MB.
System memory in use after: 185.2 MB.

Unloading 48 unused Assets to reduce memory usage. Loaded Objects now: 4743.
Total: 9.592500 ms (FindLiveObjects: 1.465900 ms CreateObjectMapping: 0.353800 ms MarkObjects: 7.718100 ms  DeleteObjects: 0.052700 ms)

========================================================================
Received Prepare
Registering precompiled user dll's ...
Registered in 0.010037 seconds.
Begin MonoManager ReloadAssembly
Native extension for WindowsStandalone target not found
Refreshing native plugins compatible for Editor in 2.26 ms, found 3 plugins.
Preloading 0 native plugins for Editor in 0.00 ms.
Mono: successfully reloaded assembly
- Completed reload, in  1.840 seconds
Platform modules already initialized, skipping
Shader 'TLG/ShieldShader-UI': fallback shader 'Particles/Additive' not found
Shader 'Universal Render Pipeline/Particles/Lit': fallback shader 'Universal Render Pipeline/Particles/SimpleLit' not found
Shader 'TLG/ShieldShader': fallback shader 'Particles/Additive' not found
Refreshing native plugins compatible for Editor in 2.22 ms, found 3 plugins.
Preloading 0 native plugins for Editor in 0.00 ms.
Unloading 3918 Unused Serialized files (Serialized files now loaded: 0)
System memory in use before: 184.9 MB.
System memory in use after: 185.2 MB.

Unloading 48 unused Assets to reduce memory usage. Loaded Objects now: 4746.
Total: 11.504100 ms (FindLiveObjects: 1.614000 ms CreateObjectMapping: 0.332900 ms MarkObjects: 9.441800 ms  DeleteObjects: 0.112700 ms)

========================================================================
Received Prepare
Registering precompiled user dll's ...
Registered in 0.013265 seconds.
Begin MonoManager ReloadAssembly
Native extension for WindowsStandalone target not found
Refreshing native plugins compatible for Editor in 2.50 ms, found 3 plugins.
Preloading 0 native plugins for Editor in 0.00 ms.
Mono: successfully reloaded assembly
- Completed reload, in  2.022 seconds
Platform modules already initialized, skipping
Shader 'TLG/ShieldShader-UI': fallback shader 'Particles/Additive' not found
Shader 'Universal Render Pipeline/Particles/Lit': fallback shader 'Universal Render Pipeline/Particles/SimpleLit' not found
Shader 'TLG/ShieldShader': fallback shader 'Particles/Additive' not found
Refreshing native plugins compatible for Editor in 2.26 ms, found 3 plugins.
Preloading 0 native plugins for Editor in 0.00 ms.
Unloading 3918 Unused Serialized files (Serialized files now loaded: 0)
System memory in use before: 185.0 MB.
System memory in use after: 185.2 MB.

Unloading 48 unused Assets to reduce memory usage. Loaded Objects now: 4749.
Total: 9.034500 ms (FindLiveObjects: 0.841900 ms CreateObjectMapping: 0.228100 ms MarkObjects: 7.916400 ms  DeleteObjects: 0.046200 ms)

========================================================================
Received Prepare
Registering precompiled user dll's ...
Registered in 0.008726 seconds.
Begin MonoManager ReloadAssembly
Native extension for WindowsStandalone target not found
Refreshing native plugins compatible for Editor in 2.47 ms, found 3 plugins.
Preloading 0 native plugins for Editor in 0.00 ms.
Mono: successfully reloaded assembly
- Completed reload, in  1.871 seconds
Platform modules already initialized, skipping
Shader 'TLG/ShieldShader-UI': fallback shader 'Particles/Additive' not found
Shader 'Universal Render Pipeline/Particles/Lit': fallback shader 'Universal Render Pipeline/Particles/SimpleLit' not found
Shader 'TLG/ShieldShader': fallback shader 'Particles/Additive' not found
Refreshing native plugins compatible for Editor in 2.36 ms, found 3 plugins.
Preloading 0 native plugins for Editor in 0.00 ms.
Unloading 3918 Unused Serialized files (Serialized files now loaded: 0)
System memory in use before: 185.0 MB.
System memory in use after: 185.2 MB.

Unloading 48 unused Assets to reduce memory usage. Loaded Objects now: 4752.
Total: 8.819900 ms (FindLiveObjects: 0.897300 ms CreateObjectMapping: 0.234000 ms MarkObjects: 7.638800 ms  DeleteObjects: 0.048000 ms)

========================================================================
Received Prepare
Registering precompiled user dll's ...
Registered in 0.008259 seconds.
Begin MonoManager ReloadAssembly
Native extension for WindowsStandalone target not found
Refreshing native plugins compatible for Editor in 2.22 ms, found 3 plugins.
Preloading 0 native plugins for Editor in 0.00 ms.
Mono: successfully reloaded assembly
- Completed reload, in  1.877 seconds
Platform modules already initialized, skipping
Shader 'TLG/ShieldShader-UI': fallback shader 'Particles/Additive' not found
Shader 'Universal Render Pipeline/Particles/Lit': fallback shader 'Universal Render Pipeline/Particles/SimpleLit' not found
Shader 'TLG/ShieldShader': fallback shader 'Particles/Additive' not found
Refreshing native plugins compatible for Editor in 2.89 ms, found 3 plugins.
Preloading 0 native plugins for Editor in 0.00 ms.
Unloading 3918 Unused Serialized files (Serialized files now loaded: 0)
System memory in use before: 185.0 MB.
System memory in use after: 185.2 MB.

Unloading 48 unused Assets to reduce memory usage. Loaded Objects now: 4755.
Total: 8.414500 ms (FindLiveObjects: 0.964200 ms CreateObjectMapping: 0.231500 ms MarkObjects: 7.170000 ms  DeleteObjects: 0.046800 ms)

========================================================================
Received Prepare
Registering precompiled user dll's ...
Registered in 0.009097 seconds.
Begin MonoManager ReloadAssembly
Native extension for WindowsStandalone target not found
Refreshing native plugins compatible for Editor in 2.31 ms, found 3 plugins.
Preloading 0 native plugins for Editor in 0.00 ms.
Mono: successfully reloaded assembly
- Completed reload, in  1.849 seconds
Platform modules already initialized, skipping
Shader 'TLG/ShieldShader-UI': fallback shader 'Particles/Additive' not found
Shader 'Universal Render Pipeline/Particles/Lit': fallback shader 'Universal Render Pipeline/Particles/SimpleLit' not found
Shader 'TLG/ShieldShader': fallback shader 'Particles/Additive' not found
Refreshing native plugins compatible for Editor in 2.22 ms, found 3 plugins.
Preloading 0 native plugins for Editor in 0.00 ms.
Unloading 3918 Unused Serialized files (Serialized files now loaded: 0)
System memory in use before: 185.0 MB.
System memory in use after: 185.2 MB.

Unloading 48 unused Assets to reduce memory usage. Loaded Objects now: 4758.
Total: 8.972100 ms (FindLiveObjects: 0.905000 ms CreateObjectMapping: 0.241300 ms MarkObjects: 7.771100 ms  DeleteObjects: 0.052100 ms)

========================================================================
Received Prepare
Registering precompiled user dll's ...
Registered in 0.008157 seconds.
Begin MonoManager ReloadAssembly
Native extension for WindowsStandalone target not found
Refreshing native plugins compatible for Editor in 2.24 ms, found 3 plugins.
Preloading 0 native plugins for Editor in 0.00 ms.
Mono: successfully reloaded assembly
- Completed reload, in  1.867 seconds
Platform modules already initialized, skipping
Shader 'TLG/ShieldShader-UI': fallback shader 'Particles/Additive' not found
Shader 'Universal Render Pipeline/Particles/Lit': fallback shader 'Universal Render Pipeline/Particles/SimpleLit' not found
Shader 'TLG/ShieldShader': fallback shader 'Particles/Additive' not found
Refreshing native plugins compatible for Editor in 2.20 ms, found 3 plugins.
Preloading 0 native plugins for Editor in 0.00 ms.
Unloading 3918 Unused Serialized files (Serialized files now loaded: 0)
System memory in use before: 185.0 MB.
System memory in use after: 185.2 MB.

Unloading 48 unused Assets to reduce memory usage. Loaded Objects now: 4761.
Total: 9.351500 ms (FindLiveObjects: 1.097800 ms CreateObjectMapping: 0.272300 ms MarkObjects: 7.926100 ms  DeleteObjects: 0.053100 ms)

========================================================================
Received Prepare
Registering precompiled user dll's ...
Registered in 0.011733 seconds.
Begin MonoManager ReloadAssembly
Native extension for WindowsStandalone target not found
Refreshing native plugins compatible for Editor in 3.01 ms, found 3 plugins.
Preloading 0 native plugins for Editor in 0.00 ms.
Mono: successfully reloaded assembly
- Completed reload, in  2.040 seconds
Platform modules already initialized, skipping
Shader 'TLG/ShieldShader-UI': fallback shader 'Particles/Additive' not found
Shader 'Universal Render Pipeline/Particles/Lit': fallback shader 'Universal Render Pipeline/Particles/SimpleLit' not found
Shader 'TLG/ShieldShader': fallback shader 'Particles/Additive' not found
Refreshing native plugins compatible for Editor in 2.31 ms, found 3 plugins.
Preloading 0 native plugins for Editor in 0.00 ms.
Unloading 3918 Unused Serialized files (Serialized files now loaded: 0)
System memory in use before: 185.0 MB.
System memory in use after: 185.2 MB.

Unloading 48 unused Assets to reduce memory usage. Loaded Objects now: 4764.
Total: 9.527800 ms (FindLiveObjects: 0.776200 ms CreateObjectMapping: 0.209600 ms MarkObjects: 8.494300 ms  DeleteObjects: 0.046000 ms)

========================================================================
Received Prepare
Registering precompiled user dll's ...
Registered in 0.008146 seconds.
Begin MonoManager ReloadAssembly
Native extension for WindowsStandalone target not found
Refreshing native plugins compatible for Editor in 2.25 ms, found 3 plugins.
Preloading 0 native plugins for Editor in 0.00 ms.
Mono: successfully reloaded assembly
- Completed reload, in  1.792 seconds
Platform modules already initialized, skipping
Shader 'TLG/ShieldShader-UI': fallback shader 'Particles/Additive' not found
Shader 'Universal Render Pipeline/Particles/Lit': fallback shader 'Universal Render Pipeline/Particles/SimpleLit' not found
Shader 'TLG/ShieldShader': fallback shader 'Particles/Additive' not found
Refreshing native plugins compatible for Editor in 2.29 ms, found 3 plugins.
Preloading 0 native plugins for Editor in 0.00 ms.
Unloading 3918 Unused Serialized files (Serialized files now loaded: 0)
System memory in use before: 185.0 MB.
System memory in use after: 185.2 MB.

Unloading 48 unused Assets to reduce memory usage. Loaded Objects now: 4767.
Total: 8.920700 ms (FindLiveObjects: 0.811100 ms CreateObjectMapping: 0.233200 ms MarkObjects: 7.806700 ms  DeleteObjects: 0.067900 ms)

========================================================================
Received Prepare
Registering precompiled user dll's ...
Registered in 0.008045 seconds.
Begin MonoManager ReloadAssembly
Native extension for WindowsStandalone target not found
Refreshing native plugins compatible for Editor in 2.26 ms, found 3 plugins.
Preloading 0 native plugins for Editor in 0.00 ms.
Mono: successfully reloaded assembly
- Completed reload, in  1.859 seconds
Platform modules already initialized, skipping
Shader 'TLG/ShieldShader-UI': fallback shader 'Particles/Additive' not found
Shader 'Universal Render Pipeline/Particles/Lit': fallback shader 'Universal Render Pipeline/Particles/SimpleLit' not found
Shader 'TLG/ShieldShader': fallback shader 'Particles/Additive' not found
Refreshing native plugins compatible for Editor in 2.49 ms, found 3 plugins.
Preloading 0 native plugins for Editor in 0.00 ms.
Unloading 3918 Unused Serialized files (Serialized files now loaded: 0)
System memory in use before: 185.0 MB.
System memory in use after: 185.3 MB.

Unloading 48 unused Assets to reduce memory usage. Loaded Objects now: 4770.
Total: 8.250800 ms (FindLiveObjects: 0.796100 ms CreateObjectMapping: 0.209400 ms MarkObjects: 7.199800 ms  DeleteObjects: 0.044100 ms)

========================================================================
Received Prepare
Registering precompiled user dll's ...
Registered in 0.008169 seconds.
Begin MonoManager ReloadAssembly
Native extension for WindowsStandalone target not found
Refreshing native plugins compatible for Editor in 2.28 ms, found 3 plugins.
Preloading 0 native plugins for Editor in 0.00 ms.
Mono: successfully reloaded assembly
- Completed reload, in  1.831 seconds
Platform modules already initialized, skipping
Shader 'TLG/ShieldShader-UI': fallback shader 'Particles/Additive' not found
Shader 'Universal Render Pipeline/Particles/Lit': fallback shader 'Universal Render Pipeline/Particles/SimpleLit' not found
Shader 'TLG/ShieldShader': fallback shader 'Particles/Additive' not found
Refreshing native plugins compatible for Editor in 2.28 ms, found 3 plugins.
Preloading 0 native plugins for Editor in 0.00 ms.
Unloading 3918 Unused Serialized files (Serialized files now loaded: 0)
System memory in use before: 185.0 MB.
System memory in use after: 185.3 MB.

Unloading 48 unused Assets to reduce memory usage. Loaded Objects now: 4773.
Total: 8.936500 ms (FindLiveObjects: 0.894800 ms CreateObjectMapping: 0.245700 ms MarkObjects: 7.748500 ms  DeleteObjects: 0.045400 ms)

========================================================================
Received Prepare
Registering precompiled user dll's ...
Registered in 0.008839 seconds.
Begin MonoManager ReloadAssembly
Native extension for WindowsStandalone target not found
Refreshing native plugins compatible for Editor in 2.23 ms, found 3 plugins.
Preloading 0 native plugins for Editor in 0.00 ms.
Mono: successfully reloaded assembly
- Completed reload, in  1.883 seconds
Platform modules already initialized, skipping
Shader 'TLG/ShieldShader-UI': fallback shader 'Particles/Additive' not found
Shader 'Universal Render Pipeline/Particles/Lit': fallback shader 'Universal Render Pipeline/Particles/SimpleLit' not found
Shader 'TLG/ShieldShader': fallback shader 'Particles/Additive' not found
Refreshing native plugins compatible for Editor in 2.48 ms, found 3 plugins.
Preloading 0 native plugins for Editor in 0.00 ms.
Unloading 3918 Unused Serialized files (Serialized files now loaded: 0)
System memory in use before: 185.0 MB.
System memory in use after: 185.3 MB.

Unloading 48 unused Assets to reduce memory usage. Loaded Objects now: 4776.
Total: 8.886500 ms (FindLiveObjects: 0.842800 ms CreateObjectMapping: 0.207800 ms MarkObjects: 7.702600 ms  DeleteObjects: 0.131200 ms)

========================================================================
Received Prepare
Registering precompiled user dll's ...
Registered in 0.009057 seconds.
Begin MonoManager ReloadAssembly
Native extension for WindowsStandalone target not found
Refreshing native plugins compatible for Editor in 2.20 ms, found 3 plugins.
Preloading 0 native plugins for Editor in 0.00 ms.
Mono: successfully reloaded assembly
- Completed reload, in  1.801 seconds
Platform modules already initialized, skipping
Shader 'TLG/ShieldShader-UI': fallback shader 'Particles/Additive' not found
Shader 'Universal Render Pipeline/Particles/Lit': fallback shader 'Universal Render Pipeline/Particles/SimpleLit' not found
Shader 'TLG/ShieldShader': fallback shader 'Particles/Additive' not found
Refreshing native plugins compatible for Editor in 2.49 ms, found 3 plugins.
Preloading 0 native plugins for Editor in 0.00 ms.
Unloading 3918 Unused Serialized files (Serialized files now loaded: 0)
System memory in use before: 185.0 MB.
System memory in use after: 185.3 MB.

Unloading 48 unused Assets to reduce memory usage. Loaded Objects now: 4779.
Total: 9.562400 ms (FindLiveObjects: 1.256600 ms CreateObjectMapping: 0.497900 ms MarkObjects: 7.746800 ms  DeleteObjects: 0.059100 ms)

========================================================================
Received Prepare
Registering precompiled user dll's ...
Registered in 0.009369 seconds.
Begin MonoManager ReloadAssembly
Native extension for WindowsStandalone target not found
Refreshing native plugins compatible for Editor in 2.70 ms, found 3 plugins.
Preloading 0 native plugins for Editor in 0.00 ms.
Mono: successfully reloaded assembly
- Completed reload, in  1.919 seconds
Platform modules already initialized, skipping
Shader 'TLG/ShieldShader-UI': fallback shader 'Particles/Additive' not found
Shader 'Universal Render Pipeline/Particles/Lit': fallback shader 'Universal Render Pipeline/Particles/SimpleLit' not found
Shader 'TLG/ShieldShader': fallback shader 'Particles/Additive' not found
Refreshing native plugins compatible for Editor in 2.27 ms, found 3 plugins.
Preloading 0 native plugins for Editor in 0.00 ms.
Unloading 3918 Unused Serialized files (Serialized files now loaded: 0)
System memory in use before: 185.0 MB.
System memory in use after: 185.3 MB.

Unloading 48 unused Assets to reduce memory usage. Loaded Objects now: 4782.
Total: 9.775500 ms (FindLiveObjects: 1.289200 ms CreateObjectMapping: 0.415700 ms MarkObjects: 7.998200 ms  DeleteObjects: 0.070300 ms)

========================================================================
Received Prepare
Registering precompiled user dll's ...
Registered in 0.008956 seconds.
Begin MonoManager ReloadAssembly
Native extension for WindowsStandalone target not found
Refreshing native plugins compatible for Editor in 2.26 ms, found 3 plugins.
Preloading 0 native plugins for Editor in 0.00 ms.
Mono: successfully reloaded assembly
- Completed reload, in  1.837 seconds
Platform modules already initialized, skipping
Shader 'TLG/ShieldShader-UI': fallback shader 'Particles/Additive' not found
Shader 'Universal Render Pipeline/Particles/Lit': fallback shader 'Universal Render Pipeline/Particles/SimpleLit' not found
Shader 'TLG/ShieldShader': fallback shader 'Particles/Additive' not found
Refreshing native plugins compatible for Editor in 2.38 ms, found 3 plugins.
Preloading 0 native plugins for Editor in 0.00 ms.
Unloading 3918 Unused Serialized files (Serialized files now loaded: 0)
System memory in use before: 185.0 MB.
System memory in use after: 185.3 MB.

Unloading 48 unused Assets to reduce memory usage. Loaded Objects now: 4785.
Total: 9.420900 ms (FindLiveObjects: 0.778600 ms CreateObjectMapping: 0.239900 ms MarkObjects: 8.353100 ms  DeleteObjects: 0.047200 ms)

========================================================================
Received Prepare
Registering precompiled user dll's ...
Registered in 0.008856 seconds.
Begin MonoManager ReloadAssembly
Native extension for WindowsStandalone target not found
Refreshing native plugins compatible for Editor in 2.27 ms, found 3 plugins.
Preloading 0 native plugins for Editor in 0.00 ms.
Mono: successfully reloaded assembly
- Completed reload, in  1.852 seconds
Platform modules already initialized, skipping
Shader 'TLG/ShieldShader-UI': fallback shader 'Particles/Additive' not found
Shader 'Universal Render Pipeline/Particles/Lit': fallback shader 'Universal Render Pipeline/Particles/SimpleLit' not found
Shader 'TLG/ShieldShader': fallback shader 'Particles/Additive' not found
Refreshing native plugins compatible for Editor in 3.65 ms, found 3 plugins.
Preloading 0 native plugins for Editor in 0.00 ms.
Unloading 3918 Unused Serialized files (Serialized files now loaded: 0)
System memory in use before: 185.0 MB.
System memory in use after: 185.3 MB.

Unloading 48 unused Assets to reduce memory usage. Loaded Objects now: 4788.
Total: 8.511000 ms (FindLiveObjects: 0.800400 ms CreateObjectMapping: 0.216700 ms MarkObjects: 7.448800 ms  DeleteObjects: 0.043200 ms)

========================================================================
Received Prepare
Registering precompiled user dll's ...
Registered in 0.009742 seconds.
Begin MonoManager ReloadAssembly
Native extension for WindowsStandalone target not found
Refreshing native plugins compatible for Editor in 2.58 ms, found 3 plugins.
Preloading 0 native plugins for Editor in 0.00 ms.
Mono: successfully reloaded assembly
- Completed reload, in  1.920 seconds
Platform modules already initialized, skipping
Shader 'TLG/ShieldShader-UI': fallback shader 'Particles/Additive' not found
Shader 'Universal Render Pipeline/Particles/Lit': fallback shader 'Universal Render Pipeline/Particles/SimpleLit' not found
Shader 'TLG/ShieldShader': fallback shader 'Particles/Additive' not found
Refreshing native plugins compatible for Editor in 2.29 ms, found 3 plugins.
Preloading 0 native plugins for Editor in 0.00 ms.
Unloading 3918 Unused Serialized files (Serialized files now loaded: 0)
System memory in use before: 185.0 MB.
System memory in use after: 185.3 MB.

Unloading 48 unused Assets to reduce memory usage. Loaded Objects now: 4791.
Total: 8.443500 ms (FindLiveObjects: 0.915600 ms CreateObjectMapping: 0.230700 ms MarkObjects: 7.250400 ms  DeleteObjects: 0.044700 ms)

========================================================================
Received Import Request.
  Time since last request: 2825.826581 seconds.
  path: Assets/Scenes/Boot Screen.unity
  artifactKey: Guid(46bc10dd034b75d43873723e9a647b3a) Importer(815301076,1909f56bfc062723c751e8b465ee728b)
Start importing Assets/Scenes/Boot Screen.unity using Guid(46bc10dd034b75d43873723e9a647b3a) Importer(815301076,1909f56bfc062723c751e8b465ee728b)  -> (artifact id: 'a62400bb7af7d9e54785c568bc097655') in 0.052029 seconds
  Import took 0.086461 seconds .

========================================================================
Received Prepare
Registering precompiled user dll's ...
Registered in 0.009390 seconds.
Begin MonoManager ReloadAssembly
Native extension for WindowsStandalone target not found
Refreshing native plugins compatible for Editor in 2.27 ms, found 3 plugins.
Preloading 0 native plugins for Editor in 0.00 ms.
Mono: successfully reloaded assembly
- Completed reload, in  1.877 seconds
Platform modules already initialized, skipping
Shader 'TLG/ShieldShader-UI': fallback shader 'Particles/Additive' not found
Shader 'Universal Render Pipeline/Particles/Lit': fallback shader 'Universal Render Pipeline/Particles/SimpleLit' not found
Shader 'TLG/ShieldShader': fallback shader 'Particles/Additive' not found
Refreshing native plugins compatible for Editor in 2.18 ms, found 3 plugins.
Preloading 0 native plugins for Editor in 0.00 ms.
Unloading 3918 Unused Serialized files (Serialized files now loaded: 0)
System memory in use before: 185.1 MB.
System memory in use after: 185.3 MB.

Unloading 48 unused Assets to reduce memory usage. Loaded Objects now: 4794.
Total: 8.349400 ms (FindLiveObjects: 0.848600 ms CreateObjectMapping: 0.258600 ms MarkObjects: 7.196900 ms  DeleteObjects: 0.043600 ms)

========================================================================
Received Prepare
Registering precompiled user dll's ...
Registered in 0.009258 seconds.
Begin MonoManager ReloadAssembly
Native extension for WindowsStandalone target not found
Refreshing native plugins compatible for Editor in 2.32 ms, found 3 plugins.
Preloading 0 native plugins for Editor in 0.00 ms.
Mono: successfully reloaded assembly
- Completed reload, in  2.259 seconds
Platform modules already initialized, skipping
Shader 'TLG/ShieldShader-UI': fallback shader 'Particles/Additive' not found
Shader 'Universal Render Pipeline/Particles/Lit': fallback shader 'Universal Render Pipeline/Particles/SimpleLit' not found
Shader 'TLG/ShieldShader': fallback shader 'Particles/Additive' not found
Refreshing native plugins compatible for Editor in 2.82 ms, found 3 plugins.
Preloading 0 native plugins for Editor in 0.00 ms.
Unloading 3918 Unused Serialized files (Serialized files now loaded: 0)
System memory in use before: 185.1 MB.
System memory in use after: 185.3 MB.

Unloading 48 unused Assets to reduce memory usage. Loaded Objects now: 4797.
Total: 10.832500 ms (FindLiveObjects: 0.947500 ms CreateObjectMapping: 0.241300 ms MarkObjects: 9.575300 ms  DeleteObjects: 0.065300 ms)

========================================================================
Received Import Request.
  Time since last request: 404.429696 seconds.
  path: Assets/00_Project Resources/Audio/Biods
  artifactKey: Guid(90ce555be4ca8ec46932a64cd6b184f2) Importer(815301076,1909f56bfc062723c751e8b465ee728b)
Start importing Assets/00_Project Resources/Audio/Biods using Guid(90ce555be4ca8ec46932a64cd6b184f2) Importer(815301076,1909f56bfc062723c751e8b465ee728b)  -> (artifact id: '42297fdc54818d4d4ae2cdf6855daa53') in 0.022628 seconds
  Import took 0.048126 seconds .

========================================================================
Received Import Request.
  Time since last request: 5.058990 seconds.
  path: Assets/00_Project Resources/Audio/Bios
  artifactKey: Guid(90ce555be4ca8ec46932a64cd6b184f2) Importer(815301076,1909f56bfc062723c751e8b465ee728b)
Start importing Assets/00_Project Resources/Audio/Bios using Guid(90ce555be4ca8ec46932a64cd6b184f2) Importer(815301076,1909f56bfc062723c751e8b465ee728b)  -> (artifact id: '25123efad00a60cd939f162526b22c70') in 0.013956 seconds
  Import took 0.035378 seconds .

========================================================================
Received Prepare
Registering precompiled user dll's ...
Registered in 0.009852 seconds.
Begin MonoManager ReloadAssembly
Native extension for WindowsStandalone target not found
Refreshing native plugins compatible for Editor in 2.28 ms, found 3 plugins.
Preloading 0 native plugins for Editor in 0.00 ms.
Mono: successfully reloaded assembly
- Completed reload, in  1.860 seconds
Platform modules already initialized, skipping
Shader 'TLG/ShieldShader-UI': fallback shader 'Particles/Additive' not found
Shader 'Universal Render Pipeline/Particles/Lit': fallback shader 'Universal Render Pipeline/Particles/SimpleLit' not found
Shader 'TLG/ShieldShader': fallback shader 'Particles/Additive' not found
Refreshing native plugins compatible for Editor in 2.18 ms, found 3 plugins.
Preloading 0 native plugins for Editor in 0.00 ms.
Unloading 3918 Unused Serialized files (Serialized files now loaded: 0)
System memory in use before: 185.1 MB.
System memory in use after: 185.3 MB.

Unloading 48 unused Assets to reduce memory usage. Loaded Objects now: 4800.
Total: 9.184400 ms (FindLiveObjects: 1.228100 ms CreateObjectMapping: 0.396200 ms MarkObjects: 7.503500 ms  DeleteObjects: 0.054700 ms)

========================================================================
Received Prepare
Registering precompiled user dll's ...
Registered in 0.012708 seconds.
Begin MonoManager ReloadAssembly
Native extension for WindowsStandalone target not found
Refreshing native plugins compatible for Editor in 2.25 ms, found 3 plugins.
Preloading 0 native plugins for Editor in 0.00 ms.
Mono: successfully reloaded assembly
- Completed reload, in  1.829 seconds
Platform modules already initialized, skipping
Shader 'TLG/ShieldShader-UI': fallback shader 'Particles/Additive' not found
Shader 'Universal Render Pipeline/Particles/Lit': fallback shader 'Universal Render Pipeline/Particles/SimpleLit' not found
Shader 'TLG/ShieldShader': fallback shader 'Particles/Additive' not found
Refreshing native plugins compatible for Editor in 2.51 ms, found 3 plugins.
Preloading 0 native plugins for Editor in 0.00 ms.
Unloading 3918 Unused Serialized files (Serialized files now loaded: 0)
System memory in use before: 185.1 MB.
System memory in use after: 185.3 MB.

Unloading 48 unused Assets to reduce memory usage. Loaded Objects now: 4803.
Total: 8.475400 ms (FindLiveObjects: 0.812600 ms CreateObjectMapping: 0.232700 ms MarkObjects: 7.380200 ms  DeleteObjects: 0.047900 ms)

========================================================================
Received Prepare
Registering precompiled user dll's ...
Registered in 0.008863 seconds.
Begin MonoManager ReloadAssembly
Native extension for WindowsStandalone target not found
Refreshing native plugins compatible for Editor in 2.73 ms, found 3 plugins.
Preloading 0 native plugins for Editor in 0.00 ms.
Mono: successfully reloaded assembly
- Completed reload, in  1.819 seconds
Platform modules already initialized, skipping
Shader 'TLG/ShieldShader-UI': fallback shader 'Particles/Additive' not found
Shader 'Universal Render Pipeline/Particles/Lit': fallback shader 'Universal Render Pipeline/Particles/SimpleLit' not found
Shader 'TLG/ShieldShader': fallback shader 'Particles/Additive' not found
Refreshing native plugins compatible for Editor in 2.28 ms, found 3 plugins.
Preloading 0 native plugins for Editor in 0.00 ms.
Unloading 3918 Unused Serialized files (Serialized files now loaded: 0)
System memory in use before: 185.1 MB.
System memory in use after: 185.3 MB.

Unloading 48 unused Assets to reduce memory usage. Loaded Objects now: 4806.
Total: 10.980900 ms (FindLiveObjects: 1.096400 ms CreateObjectMapping: 0.294000 ms MarkObjects: 9.508900 ms  DeleteObjects: 0.079600 ms)

========================================================================
Received Prepare
Registering precompiled user dll's ...
Registered in 0.008951 seconds.
Begin MonoManager ReloadAssembly
Native extension for WindowsStandalone target not found
Refreshing native plugins compatible for Editor in 2.25 ms, found 3 plugins.
Preloading 0 native plugins for Editor in 0.00 ms.
Mono: successfully reloaded assembly
- Completed reload, in  2.425 seconds
Platform modules already initialized, skipping
Shader 'TLG/ShieldShader-UI': fallback shader 'Particles/Additive' not found
Shader 'Universal Render Pipeline/Particles/Lit': fallback shader 'Universal Render Pipeline/Particles/SimpleLit' not found
Shader 'TLG/ShieldShader': fallback shader 'Particles/Additive' not found
Refreshing native plugins compatible for Editor in 2.30 ms, found 3 plugins.
Preloading 0 native plugins for Editor in 0.00 ms.
Unloading 3918 Unused Serialized files (Serialized files now loaded: 0)
System memory in use before: 185.1 MB.
System memory in use after: 185.3 MB.

Unloading 48 unused Assets to reduce memory usage. Loaded Objects now: 4809.
Total: 8.451300 ms (FindLiveObjects: 0.901000 ms CreateObjectMapping: 0.221600 ms MarkObjects: 7.264500 ms  DeleteObjects: 0.061900 ms)

========================================================================
Received Prepare
Registering precompiled user dll's ...
Registered in 0.008991 seconds.
Begin MonoManager ReloadAssembly
Native extension for WindowsStandalone target not found
Refreshing native plugins compatible for Editor in 2.31 ms, found 3 plugins.
Preloading 0 native plugins for Editor in 0.00 ms.
Mono: successfully reloaded assembly
- Completed reload, in  2.195 seconds
Platform modules already initialized, skipping
Shader 'TLG/ShieldShader-UI': fallback shader 'Particles/Additive' not found
Shader 'Universal Render Pipeline/Particles/Lit': fallback shader 'Universal Render Pipeline/Particles/SimpleLit' not found
Shader 'TLG/ShieldShader': fallback shader 'Particles/Additive' not found
Refreshing native plugins compatible for Editor in 2.27 ms, found 3 plugins.
Preloading 0 native plugins for Editor in 0.00 ms.
Unloading 3918 Unused Serialized files (Serialized files now loaded: 0)
System memory in use before: 185.1 MB.
System memory in use after: 185.3 MB.

Unloading 48 unused Assets to reduce memory usage. Loaded Objects now: 4812.
Total: 8.624700 ms (FindLiveObjects: 0.785000 ms CreateObjectMapping: 0.219600 ms MarkObjects: 7.568800 ms  DeleteObjects: 0.049900 ms)

========================================================================
Received Import Request.
  Time since last request: 445.198661 seconds.
  path: Assets/Scenes/MainMenu.unity
  artifactKey: Guid(bc44ca8ac821aaa4d9e8d693a2628eca) Importer(815301076,1909f56bfc062723c751e8b465ee728b)
Start importing Assets/Scenes/MainMenu.unity using Guid(bc44ca8ac821aaa4d9e8d693a2628eca) Importer(815301076,1909f56bfc062723c751e8b465ee728b)  -> (artifact id: '1bb31c96c6b4c674f5ba53d7e5b31924') in 0.032400 seconds
  Import took 0.059936 seconds .

========================================================================
Received Prepare
Registering precompiled user dll's ...
Registered in 0.007988 seconds.
Begin MonoManager ReloadAssembly
Native extension for WindowsStandalone target not found
Refreshing native plugins compatible for Editor in 2.36 ms, found 3 plugins.
Preloading 0 native plugins for Editor in 0.00 ms.
Mono: successfully reloaded assembly
- Completed reload, in  1.870 seconds
Platform modules already initialized, skipping
Shader 'TLG/ShieldShader-UI': fallback shader 'Particles/Additive' not found
Shader 'Universal Render Pipeline/Particles/Lit': fallback shader 'Universal Render Pipeline/Particles/SimpleLit' not found
Shader 'TLG/ShieldShader': fallback shader 'Particles/Additive' not found
Refreshing native plugins compatible for Editor in 2.29 ms, found 3 plugins.
Preloading 0 native plugins for Editor in 0.00 ms.
Unloading 3918 Unused Serialized files (Serialized files now loaded: 0)
System memory in use before: 185.1 MB.
System memory in use after: 185.4 MB.

Unloading 48 unused Assets to reduce memory usage. Loaded Objects now: 4815.
Total: 9.161400 ms (FindLiveObjects: 0.797700 ms CreateObjectMapping: 0.219000 ms MarkObjects: 8.098400 ms  DeleteObjects: 0.044300 ms)

========================================================================
Received Import Request.
  Time since last request: 83.125732 seconds.
  path: Assets/Scenes/Boot Screen.unity
  artifactKey: Guid(46bc10dd034b75d43873723e9a647b3a) Importer(815301076,1909f56bfc062723c751e8b465ee728b)
Start importing Assets/Scenes/Boot Screen.unity using Guid(46bc10dd034b75d43873723e9a647b3a) Importer(815301076,1909f56bfc062723c751e8b465ee728b)  -> (artifact id: 'e9621b5a8309f9a17c830a9b99a2abe3') in 0.026726 seconds
  Import took 0.046068 seconds .

========================================================================
Received Prepare
Registering precompiled user dll's ...
Registered in 0.008897 seconds.
Begin MonoManager ReloadAssembly
Native extension for WindowsStandalone target not found
Refreshing native plugins compatible for Editor in 2.20 ms, found 3 plugins.
Preloading 0 native plugins for Editor in 0.00 ms.
Mono: successfully reloaded assembly
- Completed reload, in  1.810 seconds
Platform modules already initialized, skipping
Shader 'TLG/ShieldShader-UI': fallback shader 'Particles/Additive' not found
Shader 'Universal Render Pipeline/Particles/Lit': fallback shader 'Universal Render Pipeline/Particles/SimpleLit' not found
Shader 'TLG/ShieldShader': fallback shader 'Particles/Additive' not found
Refreshing native plugins compatible for Editor in 2.22 ms, found 3 plugins.
Preloading 0 native plugins for Editor in 0.00 ms.
Unloading 3918 Unused Serialized files (Serialized files now loaded: 0)
System memory in use before: 185.1 MB.
System memory in use after: 185.4 MB.

Unloading 48 unused Assets to reduce memory usage. Loaded Objects now: 4818.
Total: 8.116200 ms (FindLiveObjects: 0.788700 ms CreateObjectMapping: 0.215700 ms MarkObjects: 7.070200 ms  DeleteObjects: 0.040100 ms)

========================================================================
Received Prepare
Registering precompiled user dll's ...
Registered in 0.010132 seconds.
Begin MonoManager ReloadAssembly
Native extension for WindowsStandalone target not found
Refreshing native plugins compatible for Editor in 2.16 ms, found 3 plugins.
Preloading 0 native plugins for Editor in 0.00 ms.
Mono: successfully reloaded assembly
- Completed reload, in  1.942 seconds
Platform modules already initialized, skipping
Shader 'TLG/ShieldShader-UI': fallback shader 'Particles/Additive' not found
Shader 'Universal Render Pipeline/Particles/Lit': fallback shader 'Universal Render Pipeline/Particles/SimpleLit' not found
Shader 'TLG/ShieldShader': fallback shader 'Particles/Additive' not found
Refreshing native plugins compatible for Editor in 2.23 ms, found 3 plugins.
Preloading 0 native plugins for Editor in 0.00 ms.
Unloading 3918 Unused Serialized files (Serialized files now loaded: 0)
System memory in use before: 185.1 MB.
System memory in use after: 185.4 MB.

Unloading 48 unused Assets to reduce memory usage. Loaded Objects now: 4821.
Total: 8.423500 ms (FindLiveObjects: 0.813500 ms CreateObjectMapping: 0.214800 ms MarkObjects: 7.328900 ms  DeleteObjects: 0.064500 ms)

========================================================================
Received Import Request.
  Time since last request: 119.833841 seconds.
  path: Assets/00_Project Resources/Loading Screen Images
  artifactKey: Guid(9011fa04186f6774eb358f88864a64fa) Importer(815301076,1909f56bfc062723c751e8b465ee728b)
Start importing Assets/00_Project Resources/Loading Screen Images using Guid(9011fa04186f6774eb358f88864a64fa) Importer(815301076,1909f56bfc062723c751e8b465ee728b)  -> (artifact id: '0bc1caa144e49261bf6272b32a87c99a') in 0.033062 seconds
  Import took 0.052356 seconds .

========================================================================
Received Import Request.
  Time since last request: 4.779447 seconds.
  path: Assets/00_Project Resources/Audio/Logo Bumpers/438943__mosesbrambila__logo-bumper.wav
  artifactKey: Guid(b3c1615a9d0640041852f4b233e539b9) Importer(815301076,1909f56bfc062723c751e8b465ee728b)
Start importing Assets/00_Project Resources/Audio/Logo Bumpers/438943__mosesbrambila__logo-bumper.wav using Guid(b3c1615a9d0640041852f4b233e539b9) Importer(815301076,1909f56bfc062723c751e8b465ee728b)  -> (artifact id: '3b19e0df6e172a66867b8bad1f90456b') in 0.831105 seconds
  Import took 0.860915 seconds .

========================================================================
Received Prepare
Registering precompiled user dll's ...
Registered in 0.008415 seconds.
Begin MonoManager ReloadAssembly
Native extension for WindowsStandalone target not found
Refreshing native plugins compatible for Editor in 2.24 ms, found 3 plugins.
Preloading 0 native plugins for Editor in 0.00 ms.
Mono: successfully reloaded assembly
- Completed reload, in  1.860 seconds
Platform modules already initialized, skipping
Shader 'TLG/ShieldShader-UI': fallback shader 'Particles/Additive' not found
Shader 'Universal Render Pipeline/Particles/Lit': fallback shader 'Universal Render Pipeline/Particles/SimpleLit' not found
Shader 'TLG/ShieldShader': fallback shader 'Particles/Additive' not found
Refreshing native plugins compatible for Editor in 2.75 ms, found 3 plugins.
Preloading 0 native plugins for Editor in 0.00 ms.
Unloading 3918 Unused Serialized files (Serialized files now loaded: 0)
System memory in use before: 185.2 MB.
System memory in use after: 185.5 MB.

Unloading 48 unused Assets to reduce memory usage. Loaded Objects now: 4831.
Total: 8.767800 ms (FindLiveObjects: 0.779800 ms CreateObjectMapping: 0.204800 ms MarkObjects: 7.736800 ms  DeleteObjects: 0.044400 ms)

========================================================================
Received Prepare
Registering precompiled user dll's ...
Registered in 0.008251 seconds.
Begin MonoManager ReloadAssembly
Native extension for WindowsStandalone target not found
Refreshing native plugins compatible for Editor in 2.40 ms, found 3 plugins.
Preloading 0 native plugins for Editor in 0.00 ms.
Mono: successfully reloaded assembly
- Completed reload, in  1.902 seconds
Platform modules already initialized, skipping
Shader 'TLG/ShieldShader-UI': fallback shader 'Particles/Additive' not found
Shader 'Universal Render Pipeline/Particles/Lit': fallback shader 'Universal Render Pipeline/Particles/SimpleLit' not found
Shader 'TLG/ShieldShader': fallback shader 'Particles/Additive' not found
Refreshing native plugins compatible for Editor in 2.52 ms, found 3 plugins.
Preloading 0 native plugins for Editor in 0.00 ms.
Unloading 3918 Unused Serialized files (Serialized files now loaded: 0)
System memory in use before: 185.2 MB.
System memory in use after: 185.5 MB.

Unloading 48 unused Assets to reduce memory usage. Loaded Objects now: 4834.
Total: 9.251100 ms (FindLiveObjects: 0.800800 ms CreateObjectMapping: 0.224700 ms MarkObjects: 8.177100 ms  DeleteObjects: 0.046200 ms)

========================================================================
Received Prepare
Registering precompiled user dll's ...
Registered in 0.009046 seconds.
Begin MonoManager ReloadAssembly
Native extension for WindowsStandalone target not found
Refreshing native plugins compatible for Editor in 2.69 ms, found 3 plugins.
Preloading 0 native plugins for Editor in 0.00 ms.
Mono: successfully reloaded assembly
- Completed reload, in  1.871 seconds
Platform modules already initialized, skipping
Shader 'TLG/ShieldShader-UI': fallback shader 'Particles/Additive' not found
Shader 'Universal Render Pipeline/Particles/Lit': fallback shader 'Universal Render Pipeline/Particles/SimpleLit' not found
Shader 'TLG/ShieldShader': fallback shader 'Particles/Additive' not found
Refreshing native plugins compatible for Editor in 2.70 ms, found 3 plugins.
Preloading 0 native plugins for Editor in 0.00 ms.
Unloading 3918 Unused Serialized files (Serialized files now loaded: 0)
System memory in use before: 185.2 MB.
System memory in use after: 185.5 MB.

Unloading 48 unused Assets to reduce memory usage. Loaded Objects now: 4837.
Total: 8.763500 ms (FindLiveObjects: 0.789900 ms CreateObjectMapping: 0.222600 ms MarkObjects: 7.663000 ms  DeleteObjects: 0.086100 ms)

========================================================================
Received Prepare
Registering precompiled user dll's ...
Registered in 0.008257 seconds.
Begin MonoManager ReloadAssembly
Native extension for WindowsStandalone target not found
Refreshing native plugins compatible for Editor in 3.14 ms, found 3 plugins.
Preloading 0 native plugins for Editor in 0.00 ms.
Mono: successfully reloaded assembly
- Completed reload, in  1.867 seconds
Platform modules already initialized, skipping
Shader 'TLG/ShieldShader-UI': fallback shader 'Particles/Additive' not found
Shader 'Universal Render Pipeline/Particles/Lit': fallback shader 'Universal Render Pipeline/Particles/SimpleLit' not found
Shader 'TLG/ShieldShader': fallback shader 'Particles/Additive' not found
Refreshing native plugins compatible for Editor in 2.21 ms, found 3 plugins.
Preloading 0 native plugins for Editor in 0.00 ms.
Unloading 3918 Unused Serialized files (Serialized files now loaded: 0)
System memory in use before: 185.2 MB.
System memory in use after: 185.5 MB.

Unloading 48 unused Assets to reduce memory usage. Loaded Objects now: 4840.
Total: 9.726400 ms (FindLiveObjects: 1.009300 ms CreateObjectMapping: 0.429700 ms MarkObjects: 8.217600 ms  DeleteObjects: 0.068000 ms)

========================================================================
Received Prepare
Registering precompiled user dll's ...
Registered in 0.008795 seconds.
Begin MonoManager ReloadAssembly
Native extension for WindowsStandalone target not found
Refreshing native plugins compatible for Editor in 2.32 ms, found 3 plugins.
Preloading 0 native plugins for Editor in 0.00 ms.
Mono: successfully reloaded assembly
- Completed reload, in  1.885 seconds
Platform modules already initialized, skipping
Shader 'TLG/ShieldShader-UI': fallback shader 'Particles/Additive' not found
Shader 'Universal Render Pipeline/Particles/Lit': fallback shader 'Universal Render Pipeline/Particles/SimpleLit' not found
Shader 'TLG/ShieldShader': fallback shader 'Particles/Additive' not found
Refreshing native plugins compatible for Editor in 2.69 ms, found 3 plugins.
Preloading 0 native plugins for Editor in 0.00 ms.
Unloading 3918 Unused Serialized files (Serialized files now loaded: 0)
System memory in use before: 185.2 MB.
System memory in use after: 185.5 MB.

Unloading 48 unused Assets to reduce memory usage. Loaded Objects now: 4843.
Total: 9.434900 ms (FindLiveObjects: 1.374900 ms CreateObjectMapping: 0.362400 ms MarkObjects: 7.643400 ms  DeleteObjects: 0.052500 ms)

========================================================================
Received Prepare
Registering precompiled user dll's ...
Registered in 0.008133 seconds.
Begin MonoManager ReloadAssembly
Native extension for WindowsStandalone target not found
Refreshing native plugins compatible for Editor in 2.26 ms, found 3 plugins.
Preloading 0 native plugins for Editor in 0.00 ms.
Mono: successfully reloaded assembly
- Completed reload, in  1.894 seconds
Platform modules already initialized, skipping
Shader 'TLG/ShieldShader-UI': fallback shader 'Particles/Additive' not found
Shader 'Universal Render Pipeline/Particles/Lit': fallback shader 'Universal Render Pipeline/Particles/SimpleLit' not found
Shader 'TLG/ShieldShader': fallback shader 'Particles/Additive' not found
Refreshing native plugins compatible for Editor in 2.33 ms, found 3 plugins.
Preloading 0 native plugins for Editor in 0.00 ms.
Unloading 3918 Unused Serialized files (Serialized files now loaded: 0)
System memory in use before: 185.2 MB.
System memory in use after: 185.5 MB.

Unloading 48 unused Assets to reduce memory usage. Loaded Objects now: 4846.
Total: 10.713100 ms (FindLiveObjects: 1.389400 ms CreateObjectMapping: 0.456600 ms MarkObjects: 8.807800 ms  DeleteObjects: 0.057200 ms)

========================================================================
Received Prepare
Registering precompiled user dll's ...
Registered in 0.008388 seconds.
Begin MonoManager ReloadAssembly
Native extension for WindowsStandalone target not found
Refreshing native plugins compatible for Editor in 2.46 ms, found 3 plugins.
Preloading 0 native plugins for Editor in 0.00 ms.
Mono: successfully reloaded assembly
- Completed reload, in  1.835 seconds
Platform modules already initialized, skipping
Shader 'TLG/ShieldShader-UI': fallback shader 'Particles/Additive' not found
Shader 'Universal Render Pipeline/Particles/Lit': fallback shader 'Universal Render Pipeline/Particles/SimpleLit' not found
Shader 'TLG/ShieldShader': fallback shader 'Particles/Additive' not found
Refreshing native plugins compatible for Editor in 2.77 ms, found 3 plugins.
Preloading 0 native plugins for Editor in 0.00 ms.
Unloading 3918 Unused Serialized files (Serialized files now loaded: 0)
System memory in use before: 185.2 MB.
System memory in use after: 185.5 MB.

Unloading 48 unused Assets to reduce memory usage. Loaded Objects now: 4849.
Total: 9.672400 ms (FindLiveObjects: 1.006500 ms CreateObjectMapping: 0.303700 ms MarkObjects: 8.307100 ms  DeleteObjects: 0.053300 ms)

========================================================================
Received Prepare
Registering precompiled user dll's ...
Registered in 0.009171 seconds.
Begin MonoManager ReloadAssembly
Native extension for WindowsStandalone target not found
Refreshing native plugins compatible for Editor in 2.46 ms, found 3 plugins.
Preloading 0 native plugins for Editor in 0.00 ms.
Mono: successfully reloaded assembly
- Completed reload, in  1.895 seconds
Platform modules already initialized, skipping
Shader 'TLG/ShieldShader-UI': fallback shader 'Particles/Additive' not found
Shader 'Universal Render Pipeline/Particles/Lit': fallback shader 'Universal Render Pipeline/Particles/SimpleLit' not found
Shader 'TLG/ShieldShader': fallback shader 'Particles/Additive' not found
Refreshing native plugins compatible for Editor in 2.56 ms, found 3 plugins.
Preloading 0 native plugins for Editor in 0.00 ms.
Unloading 3918 Unused Serialized files (Serialized files now loaded: 0)
System memory in use before: 185.2 MB.
System memory in use after: 185.5 MB.

Unloading 48 unused Assets to reduce memory usage. Loaded Objects now: 4852.
Total: 8.892000 ms (FindLiveObjects: 1.106800 ms CreateObjectMapping: 0.256800 ms MarkObjects: 7.481000 ms  DeleteObjects: 0.044700 ms)

========================================================================
Received Prepare
Registering precompiled user dll's ...
Registered in 0.009085 seconds.
Begin MonoManager ReloadAssembly
Native extension for WindowsStandalone target not found
Refreshing native plugins compatible for Editor in 2.22 ms, found 3 plugins.
Preloading 0 native plugins for Editor in 0.00 ms.
Mono: successfully reloaded assembly
- Completed reload, in  1.858 seconds
Platform modules already initialized, skipping
Shader 'TLG/ShieldShader-UI': fallback shader 'Particles/Additive' not found
Shader 'Universal Render Pipeline/Particles/Lit': fallback shader 'Universal Render Pipeline/Particles/SimpleLit' not found
Shader 'TLG/ShieldShader': fallback shader 'Particles/Additive' not found
Refreshing native plugins compatible for Editor in 2.50 ms, found 3 plugins.
Preloading 0 native plugins for Editor in 0.00 ms.
Unloading 3918 Unused Serialized files (Serialized files now loaded: 0)
System memory in use before: 185.2 MB.
System memory in use after: 185.5 MB.

Unloading 48 unused Assets to reduce memory usage. Loaded Objects now: 4855.
Total: 9.206300 ms (FindLiveObjects: 0.833300 ms CreateObjectMapping: 0.208700 ms MarkObjects: 8.110700 ms  DeleteObjects: 0.050800 ms)

========================================================================
Received Prepare
Registering precompiled user dll's ...
Registered in 0.008080 seconds.
Begin MonoManager ReloadAssembly
Native extension for WindowsStandalone target not found
Refreshing native plugins compatible for Editor in 2.21 ms, found 3 plugins.
Preloading 0 native plugins for Editor in 0.00 ms.
Mono: successfully reloaded assembly
- Completed reload, in  1.844 seconds
Platform modules already initialized, skipping
Shader 'TLG/ShieldShader-UI': fallback shader 'Particles/Additive' not found
Shader 'Universal Render Pipeline/Particles/Lit': fallback shader 'Universal Render Pipeline/Particles/SimpleLit' not found
Shader 'TLG/ShieldShader': fallback shader 'Particles/Additive' not found
Refreshing native plugins compatible for Editor in 2.26 ms, found 3 plugins.
Preloading 0 native plugins for Editor in 0.00 ms.
Unloading 3918 Unused Serialized files (Serialized files now loaded: 0)
System memory in use before: 185.3 MB.
System memory in use after: 185.5 MB.

Unloading 48 unused Assets to reduce memory usage. Loaded Objects now: 4858.
Total: 8.612300 ms (FindLiveObjects: 0.807400 ms CreateObjectMapping: 0.236100 ms MarkObjects: 7.511200 ms  DeleteObjects: 0.055200 ms)

========================================================================
Received Import Request.
  Time since last request: 1105.700133 seconds.
  path: Assets/Scriptable Objects/Values/CurrentScene.asset
  artifactKey: Guid(cfbd92f8f0483a1418baa2787ce8a2c8) Importer(815301076,1909f56bfc062723c751e8b465ee728b)
Start importing Assets/Scriptable Objects/Values/CurrentScene.asset using Guid(cfbd92f8f0483a1418baa2787ce8a2c8) Importer(815301076,1909f56bfc062723c751e8b465ee728b)  -> (artifact id: 'c25941e59e7e531b35cba15849398430') in 0.071332 seconds
  Import took 0.111003 seconds .

========================================================================
Received Prepare
Registering precompiled user dll's ...
Registered in 0.009401 seconds.
Begin MonoManager ReloadAssembly
Native extension for WindowsStandalone target not found
Refreshing native plugins compatible for Editor in 2.70 ms, found 3 plugins.
Preloading 0 native plugins for Editor in 0.00 ms.
Mono: successfully reloaded assembly
- Completed reload, in  2.001 seconds
Platform modules already initialized, skipping
Shader 'TLG/ShieldShader-UI': fallback shader 'Particles/Additive' not found
Shader 'Universal Render Pipeline/Particles/Lit': fallback shader 'Universal Render Pipeline/Particles/SimpleLit' not found
Shader 'TLG/ShieldShader': fallback shader 'Particles/Additive' not found
Refreshing native plugins compatible for Editor in 2.33 ms, found 3 plugins.
Preloading 0 native plugins for Editor in 0.00 ms.
Unloading 3918 Unused Serialized files (Serialized files now loaded: 0)
System memory in use before: 185.3 MB.
System memory in use after: 185.5 MB.

Unloading 48 unused Assets to reduce memory usage. Loaded Objects now: 4861.
Total: 8.937100 ms (FindLiveObjects: 1.186200 ms CreateObjectMapping: 0.253500 ms MarkObjects: 7.443800 ms  DeleteObjects: 0.051600 ms)

========================================================================
Received Prepare
Registering precompiled user dll's ...
Registered in 0.009481 seconds.
Begin MonoManager ReloadAssembly
Native extension for WindowsStandalone target not found
Refreshing native plugins compatible for Editor in 2.24 ms, found 3 plugins.
Preloading 0 native plugins for Editor in 0.00 ms.
Mono: successfully reloaded assembly
- Completed reload, in  1.892 seconds
Platform modules already initialized, skipping
Shader 'TLG/ShieldShader-UI': fallback shader 'Particles/Additive' not found
Shader 'Universal Render Pipeline/Particles/Lit': fallback shader 'Universal Render Pipeline/Particles/SimpleLit' not found
Shader 'TLG/ShieldShader': fallback shader 'Particles/Additive' not found
Refreshing native plugins compatible for Editor in 2.52 ms, found 3 plugins.
Preloading 0 native plugins for Editor in 0.00 ms.
Unloading 3918 Unused Serialized files (Serialized files now loaded: 0)
System memory in use before: 185.3 MB.
System memory in use after: 185.5 MB.

Unloading 48 unused Assets to reduce memory usage. Loaded Objects now: 4864.
Total: 8.681500 ms (FindLiveObjects: 0.937900 ms CreateObjectMapping: 0.241500 ms MarkObjects: 7.451500 ms  DeleteObjects: 0.048700 ms)

