
=== Mon Jun 21 21:29:27 2021

Packages were changed.
Update Mode: mergeDefaultDependencies

The following packages were added:
  com.unity.ide.visualstudio@2.0.7
The following packages were updated:
  com.unity.ads from version 3.4.5 to 3.6.1
  com.unity.analytics from version 3.3.5 to 3.5.3
  com.unity.cinemachine from version 2.5.0 to 2.6.4
  com.unity.collab-proxy from version 1.2.16 to 1.3.9
  com.unity.ext.nunit from version 1.0.0 to 1.0.6
  com.unity.ide.rider from version 1.1.4 to 2.0.7
  com.unity.ide.vscode from version 1.2.0 to 1.2.3
  com.unity.postprocessing from version 2.3.0 to 3.1.0
  com.unity.purchasing from version 2.0.6 to 3.0.2
  com.unity.recorder from version 2.2.0-preview.4 to 2.5.5
  com.unity.render-pipelines.universal from version 7.4.1 to 10.4.0
  com.unity.test-framework from version 1.1.14 to 1.1.24
  com.unity.textmeshpro from version 2.0.1 to 3.0.4
  com.unity.timeline from version 1.2.6 to 1.4.7

=== Thu Jun 24 23:07:17 2021

Packages were changed.
Update Mode: mergeDefaultDependencies

The following packages were added:
  com.unity.xr.legacyinputhelpers@2.1.4
